[0.657s] DEBUG:colcon:Command line arguments: ['/usr/bin/colcon', 'build']
[0.657s] DEBUG:colcon:Parsed command line arguments: Namespace(log_base=None, log_level=None, verb_name='build', build_base='build', install_base='install', merge_install=False, symlink_install=False, test_result_base=None, continue_on_error=False, executor='parallel', parallel_workers=4, event_handlers=None, ignore_user_meta=False, metas=['./colcon.meta'], base_paths=['.'], packages_ignore=None, packages_ignore_regex=None, paths=None, packages_up_to=None, packages_up_to_regex=None, packages_above=None, packages_above_and_dependencies=None, packages_above_depth=None, packages_select_by_dep=None, packages_skip_by_dep=None, packages_skip_up_to=None, packages_select_build_failed=False, packages_skip_build_finished=False, packages_select_test_failures=False, packages_skip_test_passed=False, packages_select=None, packages_skip=None, packages_select_regex=None, packages_skip_regex=None, packages_start=None, packages_end=None, allow_overriding=[], cmake_args=None, cmake_target=None, cmake_target_skip_unavailable=False, cmake_clean_cache=False, cmake_clean_first=False, cmake_force_configure=False, ament_cmake_args=None, catkin_cmake_args=None, catkin_skip_building_tests=False, verb_parser=<colcon_defaults.argument_parser.defaults.DefaultArgumentsDecorator object at 0xffffbb9e79a0>, verb_extension=<colcon_core.verb.build.BuildVerb object at 0xffffbbbc8d90>, main=<bound method BuildVerb.main of <colcon_core.verb.build.BuildVerb object at 0xffffbbbc8d90>>)
[1.870s] Level 1:colcon.colcon_core.package_discovery:discover_packages(colcon_meta) check parameters
[1.871s] Level 1:colcon.colcon_core.package_discovery:discover_packages(recursive) check parameters
[1.871s] Level 1:colcon.colcon_core.package_discovery:discover_packages(ignore) check parameters
[1.871s] Level 1:colcon.colcon_core.package_discovery:discover_packages(path) check parameters
[1.871s] Level 1:colcon.colcon_core.package_discovery:discover_packages(colcon_meta) discover
[1.872s] Level 1:colcon.colcon_core.package_discovery:discover_packages(recursive) discover
[1.872s] INFO:colcon.colcon_core.package_discovery:Crawling recursively for packages in '/home/slam/Desktop/Ball_Tracking/ros2_ws'
[1.872s] Level 1:colcon.colcon_core.package_identification:_identify(.) by extensions ['ignore', 'ignore_ament_install']
[1.873s] Level 1:colcon.colcon_core.package_identification:_identify(.) by extension 'ignore'
[1.873s] Level 1:colcon.colcon_core.package_identification:_identify(.) by extension 'ignore_ament_install'
[1.873s] Level 1:colcon.colcon_core.package_identification:_identify(.) by extensions ['colcon_pkg']
[1.873s] Level 1:colcon.colcon_core.package_identification:_identify(.) by extension 'colcon_pkg'
[1.874s] Level 1:colcon.colcon_core.package_identification:_identify(.) by extensions ['colcon_meta']
[1.874s] Level 1:colcon.colcon_core.package_identification:_identify(.) by extension 'colcon_meta'
[1.874s] Level 1:colcon.colcon_core.package_identification:_identify(.) by extensions ['ros']
[1.874s] Level 1:colcon.colcon_core.package_identification:_identify(.) by extension 'ros'
[1.944s] Level 1:colcon.colcon_core.package_identification:_identify(.) by extensions ['cmake', 'python']
[1.944s] Level 1:colcon.colcon_core.package_identification:_identify(.) by extension 'cmake'
[1.944s] Level 1:colcon.colcon_core.package_identification:_identify(.) by extension 'python'
[1.944s] Level 1:colcon.colcon_core.package_identification:_identify(.) by extensions ['python_setup_py']
[1.944s] Level 1:colcon.colcon_core.package_identification:_identify(.) by extension 'python_setup_py'
[1.945s] Level 1:colcon.colcon_core.package_identification:_identify(build) by extensions ['ignore', 'ignore_ament_install']
[1.945s] Level 1:colcon.colcon_core.package_identification:_identify(build) by extension 'ignore'
[1.945s] Level 1:colcon.colcon_core.package_identification:_identify(build) ignored
[1.946s] Level 1:colcon.colcon_core.package_identification:_identify(install) by extensions ['ignore', 'ignore_ament_install']
[1.946s] Level 1:colcon.colcon_core.package_identification:_identify(install) by extension 'ignore'
[1.947s] Level 1:colcon.colcon_core.package_identification:_identify(install) ignored
[1.947s] Level 1:colcon.colcon_core.package_identification:_identify(log) by extensions ['ignore', 'ignore_ament_install']
[1.947s] Level 1:colcon.colcon_core.package_identification:_identify(log) by extension 'ignore'
[1.948s] Level 1:colcon.colcon_core.package_identification:_identify(log) ignored
[1.948s] Level 1:colcon.colcon_core.package_identification:_identify(src) by extensions ['ignore', 'ignore_ament_install']
[1.948s] Level 1:colcon.colcon_core.package_identification:_identify(src) by extension 'ignore'
[1.948s] Level 1:colcon.colcon_core.package_identification:_identify(src) by extension 'ignore_ament_install'
[1.949s] Level 1:colcon.colcon_core.package_identification:_identify(src) by extensions ['colcon_pkg']
[1.949s] Level 1:colcon.colcon_core.package_identification:_identify(src) by extension 'colcon_pkg'
[1.949s] Level 1:colcon.colcon_core.package_identification:_identify(src) by extensions ['colcon_meta']
[1.949s] Level 1:colcon.colcon_core.package_identification:_identify(src) by extension 'colcon_meta'
[1.949s] Level 1:colcon.colcon_core.package_identification:_identify(src) by extensions ['ros']
[1.949s] Level 1:colcon.colcon_core.package_identification:_identify(src) by extension 'ros'
[1.950s] Level 1:colcon.colcon_core.package_identification:_identify(src) by extensions ['cmake', 'python']
[1.950s] Level 1:colcon.colcon_core.package_identification:_identify(src) by extension 'cmake'
[1.950s] Level 1:colcon.colcon_core.package_identification:_identify(src) by extension 'python'
[1.950s] Level 1:colcon.colcon_core.package_identification:_identify(src) by extensions ['python_setup_py']
[1.950s] Level 1:colcon.colcon_core.package_identification:_identify(src) by extension 'python_setup_py'
[1.951s] Level 1:colcon.colcon_core.package_identification:_identify(src/ball_tracking_pkg) by extensions ['ignore', 'ignore_ament_install']
[1.951s] Level 1:colcon.colcon_core.package_identification:_identify(src/ball_tracking_pkg) by extension 'ignore'
[1.951s] Level 1:colcon.colcon_core.package_identification:_identify(src/ball_tracking_pkg) by extension 'ignore_ament_install'
[1.952s] Level 1:colcon.colcon_core.package_identification:_identify(src/ball_tracking_pkg) by extensions ['colcon_pkg']
[1.952s] Level 1:colcon.colcon_core.package_identification:_identify(src/ball_tracking_pkg) by extension 'colcon_pkg'
[1.952s] Level 1:colcon.colcon_core.package_identification:_identify(src/ball_tracking_pkg) by extensions ['colcon_meta']
[1.952s] Level 1:colcon.colcon_core.package_identification:_identify(src/ball_tracking_pkg) by extension 'colcon_meta'
[1.952s] Level 1:colcon.colcon_core.package_identification:_identify(src/ball_tracking_pkg) by extensions ['ros']
[1.952s] Level 1:colcon.colcon_core.package_identification:_identify(src/ball_tracking_pkg) by extension 'ros'
[1.965s] DEBUG:colcon.colcon_core.package_identification:Package 'src/ball_tracking_pkg' with type 'ros.ament_python' and name 'ball_tracking_pkg'
[1.966s] Level 1:colcon.colcon_core.package_identification:_identify(src/kinect_ros2) by extensions ['ignore', 'ignore_ament_install']
[1.967s] Level 1:colcon.colcon_core.package_identification:_identify(src/kinect_ros2) by extension 'ignore'
[1.967s] Level 1:colcon.colcon_core.package_identification:_identify(src/kinect_ros2) by extension 'ignore_ament_install'
[1.967s] Level 1:colcon.colcon_core.package_identification:_identify(src/kinect_ros2) by extensions ['colcon_pkg']
[1.968s] Level 1:colcon.colcon_core.package_identification:_identify(src/kinect_ros2) by extension 'colcon_pkg'
[1.968s] Level 1:colcon.colcon_core.package_identification:_identify(src/kinect_ros2) by extensions ['colcon_meta']
[1.968s] Level 1:colcon.colcon_core.package_identification:_identify(src/kinect_ros2) by extension 'colcon_meta'
[1.968s] Level 1:colcon.colcon_core.package_identification:_identify(src/kinect_ros2) by extensions ['ros']
[1.968s] Level 1:colcon.colcon_core.package_identification:_identify(src/kinect_ros2) by extension 'ros'
[1.973s] DEBUG:colcon.colcon_core.package_identification:Package 'src/kinect_ros2' with type 'ros.ament_cmake' and name 'kinect_ros2'
[1.973s] Level 1:colcon.colcon_core.package_discovery:discover_packages(recursive) using defaults
[1.974s] Level 1:colcon.colcon_core.package_discovery:discover_packages(ignore) discover
[1.974s] Level 1:colcon.colcon_core.package_discovery:discover_packages(ignore) using defaults
[1.974s] Level 1:colcon.colcon_core.package_discovery:discover_packages(path) discover
[1.974s] Level 1:colcon.colcon_core.package_discovery:discover_packages(path) using defaults
[2.114s] Level 1:colcon.colcon_core.package_discovery:discover_packages(prefix_path) check parameters
[2.114s] Level 1:colcon.colcon_core.package_discovery:discover_packages(prefix_path) discover
[2.136s] DEBUG:colcon.colcon_installed_package_information.package_discovery:Found 289 installed packages in /opt/ros/humble
[2.179s] Level 1:colcon.colcon_core.package_discovery:discover_packages(prefix_path) using defaults
[2.352s] Level 5:colcon.colcon_core.verb:set package 'ball_tracking_pkg' build argument 'cmake_args' from command line to 'None'
[2.353s] Level 5:colcon.colcon_core.verb:set package 'ball_tracking_pkg' build argument 'cmake_target' from command line to 'None'
[2.353s] Level 5:colcon.colcon_core.verb:set package 'ball_tracking_pkg' build argument 'cmake_target_skip_unavailable' from command line to 'False'
[2.353s] Level 5:colcon.colcon_core.verb:set package 'ball_tracking_pkg' build argument 'cmake_clean_cache' from command line to 'False'
[2.353s] Level 5:colcon.colcon_core.verb:set package 'ball_tracking_pkg' build argument 'cmake_clean_first' from command line to 'False'
[2.353s] Level 5:colcon.colcon_core.verb:set package 'ball_tracking_pkg' build argument 'cmake_force_configure' from command line to 'False'
[2.353s] Level 5:colcon.colcon_core.verb:set package 'ball_tracking_pkg' build argument 'ament_cmake_args' from command line to 'None'
[2.353s] Level 5:colcon.colcon_core.verb:set package 'ball_tracking_pkg' build argument 'catkin_cmake_args' from command line to 'None'
[2.353s] Level 5:colcon.colcon_core.verb:set package 'ball_tracking_pkg' build argument 'catkin_skip_building_tests' from command line to 'False'
[2.353s] DEBUG:colcon.colcon_core.verb:Building package 'ball_tracking_pkg' with the following arguments: {'ament_cmake_args': None, 'build_base': '/home/slam/Desktop/Ball_Tracking/ros2_ws/build/ball_tracking_pkg', 'catkin_cmake_args': None, 'catkin_skip_building_tests': False, 'cmake_args': None, 'cmake_clean_cache': False, 'cmake_clean_first': False, 'cmake_force_configure': False, 'cmake_target': None, 'cmake_target_skip_unavailable': False, 'install_base': '/home/slam/Desktop/Ball_Tracking/ros2_ws/install/ball_tracking_pkg', 'merge_install': False, 'path': '/home/slam/Desktop/Ball_Tracking/ros2_ws/src/ball_tracking_pkg', 'symlink_install': False, 'test_result_base': None}
[2.355s] Level 5:colcon.colcon_core.verb:set package 'kinect_ros2' build argument 'cmake_args' from command line to 'None'
[2.355s] Level 5:colcon.colcon_core.verb:set package 'kinect_ros2' build argument 'cmake_target' from command line to 'None'
[2.355s] Level 5:colcon.colcon_core.verb:set package 'kinect_ros2' build argument 'cmake_target_skip_unavailable' from command line to 'False'
[2.355s] Level 5:colcon.colcon_core.verb:set package 'kinect_ros2' build argument 'cmake_clean_cache' from command line to 'False'
[2.355s] Level 5:colcon.colcon_core.verb:set package 'kinect_ros2' build argument 'cmake_clean_first' from command line to 'False'
[2.355s] Level 5:colcon.colcon_core.verb:set package 'kinect_ros2' build argument 'cmake_force_configure' from command line to 'False'
[2.356s] Level 5:colcon.colcon_core.verb:set package 'kinect_ros2' build argument 'ament_cmake_args' from command line to 'None'
[2.356s] Level 5:colcon.colcon_core.verb:set package 'kinect_ros2' build argument 'catkin_cmake_args' from command line to 'None'
[2.356s] Level 5:colcon.colcon_core.verb:set package 'kinect_ros2' build argument 'catkin_skip_building_tests' from command line to 'False'
[2.356s] DEBUG:colcon.colcon_core.verb:Building package 'kinect_ros2' with the following arguments: {'ament_cmake_args': None, 'build_base': '/home/slam/Desktop/Ball_Tracking/ros2_ws/build/kinect_ros2', 'catkin_cmake_args': None, 'catkin_skip_building_tests': False, 'cmake_args': None, 'cmake_clean_cache': False, 'cmake_clean_first': False, 'cmake_force_configure': False, 'cmake_target': None, 'cmake_target_skip_unavailable': False, 'install_base': '/home/slam/Desktop/Ball_Tracking/ros2_ws/install/kinect_ros2', 'merge_install': False, 'path': '/home/slam/Desktop/Ball_Tracking/ros2_ws/src/kinect_ros2', 'symlink_install': False, 'test_result_base': None}
[2.356s] INFO:colcon.colcon_core.executor:Executing jobs using 'parallel' executor
[2.360s] DEBUG:colcon.colcon_parallel_executor.executor.parallel:run_until_complete
[2.361s] INFO:colcon.colcon_ros.task.ament_python.build:Building ROS package in '/home/slam/Desktop/Ball_Tracking/ros2_ws/src/ball_tracking_pkg' with build type 'ament_python'
[2.361s] Level 1:colcon.colcon_core.shell:create_environment_hook('ball_tracking_pkg', 'ament_prefix_path')
[2.381s] INFO:colcon.colcon_core.plugin_system:Skipping extension 'colcon_core.shell.bat': Not used on non-Windows systems
[2.382s] INFO:colcon.colcon_core.shell:Creating environment hook '/home/slam/Desktop/Ball_Tracking/ros2_ws/install/ball_tracking_pkg/share/ball_tracking_pkg/hook/ament_prefix_path.ps1'
[2.387s] INFO:colcon.colcon_core.shell:Creating environment descriptor '/home/slam/Desktop/Ball_Tracking/ros2_ws/install/ball_tracking_pkg/share/ball_tracking_pkg/hook/ament_prefix_path.dsv'
[2.390s] INFO:colcon.colcon_core.shell:Creating environment hook '/home/slam/Desktop/Ball_Tracking/ros2_ws/install/ball_tracking_pkg/share/ball_tracking_pkg/hook/ament_prefix_path.sh'
[2.395s] INFO:colcon.colcon_core.shell:Skip shell extension 'powershell' for command environment: Not usable outside of PowerShell
[2.395s] DEBUG:colcon.colcon_core.shell:Skip shell extension 'dsv' for command environment
[2.414s] INFO:colcon.colcon_ros.task.ament_cmake.build:Building ROS package in '/home/slam/Desktop/Ball_Tracking/ros2_ws/src/kinect_ros2' with build type 'ament_cmake'
[2.415s] INFO:colcon.colcon_cmake.task.cmake.build:Building CMake package in '/home/slam/Desktop/Ball_Tracking/ros2_ws/src/kinect_ros2'
[2.416s] INFO:colcon.colcon_core.shell:Skip shell extension 'powershell' for command environment: Not usable outside of PowerShell
[2.416s] DEBUG:colcon.colcon_core.shell:Skip shell extension 'dsv' for command environment
[3.571s] INFO:colcon.colcon_core.task.python.build:Building Python package in '/home/slam/Desktop/Ball_Tracking/ros2_ws/src/ball_tracking_pkg'
[3.572s] INFO:colcon.colcon_core.shell:Skip shell extension 'powershell' for command environment: Not usable outside of PowerShell
[3.573s] DEBUG:colcon.colcon_core.shell:Skip shell extension 'dsv' for command environment
[3.604s] DEBUG:colcon.colcon_core.event_handler.log_command:Invoking command in '/home/slam/Desktop/Ball_Tracking/ros2_ws/build/kinect_ros2': CMAKE_PREFIX_PATH=/opt/ros/humble /usr/bin/cmake --build /home/slam/Desktop/Ball_Tracking/ros2_ws/build/kinect_ros2 -- -j4 -l4
[4.487s] DEBUG:colcon.colcon_core.event_handler.log_command:Invoked command in '/home/slam/Desktop/Ball_Tracking/ros2_ws/build/kinect_ros2' returned '0': CMAKE_PREFIX_PATH=/opt/ros/humble /usr/bin/cmake --build /home/slam/Desktop/Ball_Tracking/ros2_ws/build/kinect_ros2 -- -j4 -l4
[4.528s] DEBUG:colcon.colcon_core.event_handler.log_command:Invoking command in '/home/slam/Desktop/Ball_Tracking/ros2_ws/build/kinect_ros2': CMAKE_PREFIX_PATH=/opt/ros/humble /usr/bin/cmake --install /home/slam/Desktop/Ball_Tracking/ros2_ws/build/kinect_ros2
[4.594s] Level 1:colcon.colcon_core.environment:create_environment_scripts_only(kinect_ros2)
[4.596s] DEBUG:colcon.colcon_core.event_handler.log_command:Invoked command in '/home/slam/Desktop/Ball_Tracking/ros2_ws/build/kinect_ros2' returned '0': CMAKE_PREFIX_PATH=/opt/ros/humble /usr/bin/cmake --install /home/slam/Desktop/Ball_Tracking/ros2_ws/build/kinect_ros2
[4.620s] Level 1:colcon.colcon_core.environment:checking '/home/slam/Desktop/Ball_Tracking/ros2_ws/install/kinect_ros2' for CMake module files
[4.623s] Level 1:colcon.colcon_core.environment:checking '/home/slam/Desktop/Ball_Tracking/ros2_ws/install/kinect_ros2' for CMake config files
[4.626s] Level 1:colcon.colcon_core.shell:create_environment_hook('kinect_ros2', 'cmake_prefix_path')
[4.627s] INFO:colcon.colcon_core.shell:Creating environment hook '/home/slam/Desktop/Ball_Tracking/ros2_ws/install/kinect_ros2/share/kinect_ros2/hook/cmake_prefix_path.ps1'
[4.630s] INFO:colcon.colcon_core.shell:Creating environment descriptor '/home/slam/Desktop/Ball_Tracking/ros2_ws/install/kinect_ros2/share/kinect_ros2/hook/cmake_prefix_path.dsv'
[4.632s] INFO:colcon.colcon_core.shell:Creating environment hook '/home/slam/Desktop/Ball_Tracking/ros2_ws/install/kinect_ros2/share/kinect_ros2/hook/cmake_prefix_path.sh'
[4.636s] Level 1:colcon.colcon_core.environment:checking '/home/slam/Desktop/Ball_Tracking/ros2_ws/install/kinect_ros2/lib'
[4.637s] Level 1:colcon.colcon_core.shell:create_environment_hook('kinect_ros2', 'ld_library_path_lib')
[4.638s] INFO:colcon.colcon_core.shell:Creating environment hook '/home/slam/Desktop/Ball_Tracking/ros2_ws/install/kinect_ros2/share/kinect_ros2/hook/ld_library_path_lib.ps1'
[4.640s] INFO:colcon.colcon_core.shell:Creating environment descriptor '/home/slam/Desktop/Ball_Tracking/ros2_ws/install/kinect_ros2/share/kinect_ros2/hook/ld_library_path_lib.dsv'
[4.642s] INFO:colcon.colcon_core.shell:Creating environment hook '/home/slam/Desktop/Ball_Tracking/ros2_ws/install/kinect_ros2/share/kinect_ros2/hook/ld_library_path_lib.sh'
[4.644s] Level 1:colcon.colcon_core.environment:checking '/home/slam/Desktop/Ball_Tracking/ros2_ws/install/kinect_ros2/bin'
[4.644s] Level 1:colcon.colcon_core.environment:checking '/home/slam/Desktop/Ball_Tracking/ros2_ws/install/kinect_ros2/lib/pkgconfig/kinect_ros2.pc'
[4.645s] Level 1:colcon.colcon_core.environment:checking '/home/slam/Desktop/Ball_Tracking/ros2_ws/install/kinect_ros2/lib/python3.10/site-packages'
[4.647s] Level 1:colcon.colcon_core.environment:checking '/home/slam/Desktop/Ball_Tracking/ros2_ws/install/kinect_ros2/bin'
[4.649s] INFO:colcon.colcon_core.shell:Creating package script '/home/slam/Desktop/Ball_Tracking/ros2_ws/install/kinect_ros2/share/kinect_ros2/package.ps1'
[4.655s] INFO:colcon.colcon_core.shell:Creating package descriptor '/home/slam/Desktop/Ball_Tracking/ros2_ws/install/kinect_ros2/share/kinect_ros2/package.dsv'
[4.659s] INFO:colcon.colcon_core.shell:Creating package script '/home/slam/Desktop/Ball_Tracking/ros2_ws/install/kinect_ros2/share/kinect_ros2/package.sh'
[4.664s] INFO:colcon.colcon_core.shell:Creating package script '/home/slam/Desktop/Ball_Tracking/ros2_ws/install/kinect_ros2/share/kinect_ros2/package.bash'
[4.669s] INFO:colcon.colcon_core.shell:Creating package script '/home/slam/Desktop/Ball_Tracking/ros2_ws/install/kinect_ros2/share/kinect_ros2/package.zsh'
[4.675s] Level 1:colcon.colcon_core.environment:create_file_with_runtime_dependencies(/home/slam/Desktop/Ball_Tracking/ros2_ws/install/kinect_ros2/share/colcon-core/packages/kinect_ros2)
[4.678s] Level 1:colcon.colcon_core.environment:create_environment_scripts_only(kinect_ros2)
[4.679s] Level 1:colcon.colcon_core.environment:checking '/home/slam/Desktop/Ball_Tracking/ros2_ws/install/kinect_ros2' for CMake module files
[4.682s] Level 1:colcon.colcon_core.environment:checking '/home/slam/Desktop/Ball_Tracking/ros2_ws/install/kinect_ros2' for CMake config files
[4.685s] Level 1:colcon.colcon_core.shell:create_environment_hook('kinect_ros2', 'cmake_prefix_path')
[4.686s] INFO:colcon.colcon_core.shell:Creating environment hook '/home/slam/Desktop/Ball_Tracking/ros2_ws/install/kinect_ros2/share/kinect_ros2/hook/cmake_prefix_path.ps1'
[4.689s] INFO:colcon.colcon_core.shell:Creating environment descriptor '/home/slam/Desktop/Ball_Tracking/ros2_ws/install/kinect_ros2/share/kinect_ros2/hook/cmake_prefix_path.dsv'
[4.691s] INFO:colcon.colcon_core.shell:Creating environment hook '/home/slam/Desktop/Ball_Tracking/ros2_ws/install/kinect_ros2/share/kinect_ros2/hook/cmake_prefix_path.sh'
[4.694s] Level 1:colcon.colcon_core.environment:checking '/home/slam/Desktop/Ball_Tracking/ros2_ws/install/kinect_ros2/lib'
[4.695s] Level 1:colcon.colcon_core.shell:create_environment_hook('kinect_ros2', 'ld_library_path_lib')
[4.696s] INFO:colcon.colcon_core.shell:Creating environment hook '/home/slam/Desktop/Ball_Tracking/ros2_ws/install/kinect_ros2/share/kinect_ros2/hook/ld_library_path_lib.ps1'
[4.698s] INFO:colcon.colcon_core.shell:Creating environment descriptor '/home/slam/Desktop/Ball_Tracking/ros2_ws/install/kinect_ros2/share/kinect_ros2/hook/ld_library_path_lib.dsv'
[4.700s] INFO:colcon.colcon_core.shell:Creating environment hook '/home/slam/Desktop/Ball_Tracking/ros2_ws/install/kinect_ros2/share/kinect_ros2/hook/ld_library_path_lib.sh'
[4.702s] Level 1:colcon.colcon_core.environment:checking '/home/slam/Desktop/Ball_Tracking/ros2_ws/install/kinect_ros2/bin'
[4.703s] Level 1:colcon.colcon_core.environment:checking '/home/slam/Desktop/Ball_Tracking/ros2_ws/install/kinect_ros2/lib/pkgconfig/kinect_ros2.pc'
[4.704s] Level 1:colcon.colcon_core.environment:checking '/home/slam/Desktop/Ball_Tracking/ros2_ws/install/kinect_ros2/lib/python3.10/site-packages'
[4.706s] Level 1:colcon.colcon_core.environment:checking '/home/slam/Desktop/Ball_Tracking/ros2_ws/install/kinect_ros2/bin'
[4.707s] INFO:colcon.colcon_core.shell:Creating package script '/home/slam/Desktop/Ball_Tracking/ros2_ws/install/kinect_ros2/share/kinect_ros2/package.ps1'
[4.711s] INFO:colcon.colcon_core.shell:Creating package descriptor '/home/slam/Desktop/Ball_Tracking/ros2_ws/install/kinect_ros2/share/kinect_ros2/package.dsv'
[4.714s] INFO:colcon.colcon_core.shell:Creating package script '/home/slam/Desktop/Ball_Tracking/ros2_ws/install/kinect_ros2/share/kinect_ros2/package.sh'
[4.717s] INFO:colcon.colcon_core.shell:Creating package script '/home/slam/Desktop/Ball_Tracking/ros2_ws/install/kinect_ros2/share/kinect_ros2/package.bash'
[4.719s] INFO:colcon.colcon_core.shell:Creating package script '/home/slam/Desktop/Ball_Tracking/ros2_ws/install/kinect_ros2/share/kinect_ros2/package.zsh'
[4.722s] Level 1:colcon.colcon_core.environment:create_file_with_runtime_dependencies(/home/slam/Desktop/Ball_Tracking/ros2_ws/install/kinect_ros2/share/colcon-core/packages/kinect_ros2)
[5.724s] DEBUG:colcon.colcon_core.event_handler.log_command:Invoking command in '/home/slam/Desktop/Ball_Tracking/ros2_ws/src/ball_tracking_pkg': PYTHONPATH=/home/slam/Desktop/Ball_Tracking/ros2_ws/build/ball_tracking_pkg/prefix_override:/usr/lib/python3/dist-packages/colcon_core/task/python/colcon_distutils_commands:/home/slam/Desktop/Ball_Tracking/ros2_ws/install/ball_tracking_pkg/lib/python3.10/site-packages:${PYTHONPATH} /usr/bin/python3 -W ignore:setup.py install is deprecated -W ignore:easy_install command is deprecated setup.py egg_info --egg-base ../../build/ball_tracking_pkg build --build-base /home/slam/Desktop/Ball_Tracking/ros2_ws/build/ball_tracking_pkg/build install --record /home/slam/Desktop/Ball_Tracking/ros2_ws/build/ball_tracking_pkg/install.log --single-version-externally-managed install_data
[7.036s] Level 1:colcon.colcon_core.environment:checking '/home/slam/Desktop/Ball_Tracking/ros2_ws/install/ball_tracking_pkg' for CMake module files
[7.038s] DEBUG:colcon.colcon_core.event_handler.log_command:Invoked command in '/home/slam/Desktop/Ball_Tracking/ros2_ws/src/ball_tracking_pkg' returned '0': PYTHONPATH=/home/slam/Desktop/Ball_Tracking/ros2_ws/build/ball_tracking_pkg/prefix_override:/usr/lib/python3/dist-packages/colcon_core/task/python/colcon_distutils_commands:/home/slam/Desktop/Ball_Tracking/ros2_ws/install/ball_tracking_pkg/lib/python3.10/site-packages:${PYTHONPATH} /usr/bin/python3 -W ignore:setup.py install is deprecated -W ignore:easy_install command is deprecated setup.py egg_info --egg-base ../../build/ball_tracking_pkg build --build-base /home/slam/Desktop/Ball_Tracking/ros2_ws/build/ball_tracking_pkg/build install --record /home/slam/Desktop/Ball_Tracking/ros2_ws/build/ball_tracking_pkg/install.log --single-version-externally-managed install_data
[7.040s] Level 1:colcon.colcon_core.environment:checking '/home/slam/Desktop/Ball_Tracking/ros2_ws/install/ball_tracking_pkg' for CMake config files
[7.045s] Level 1:colcon.colcon_core.environment:checking '/home/slam/Desktop/Ball_Tracking/ros2_ws/install/ball_tracking_pkg/lib'
[7.045s] Level 1:colcon.colcon_core.environment:checking '/home/slam/Desktop/Ball_Tracking/ros2_ws/install/ball_tracking_pkg/bin'
[7.046s] Level 1:colcon.colcon_core.environment:checking '/home/slam/Desktop/Ball_Tracking/ros2_ws/install/ball_tracking_pkg/lib/pkgconfig/ball_tracking_pkg.pc'
[7.047s] Level 1:colcon.colcon_core.environment:checking '/home/slam/Desktop/Ball_Tracking/ros2_ws/install/ball_tracking_pkg/lib/python3.10/site-packages'
[7.047s] Level 1:colcon.colcon_core.shell:create_environment_hook('ball_tracking_pkg', 'pythonpath')
[7.048s] INFO:colcon.colcon_core.shell:Creating environment hook '/home/slam/Desktop/Ball_Tracking/ros2_ws/install/ball_tracking_pkg/share/ball_tracking_pkg/hook/pythonpath.ps1'
[7.050s] INFO:colcon.colcon_core.shell:Creating environment descriptor '/home/slam/Desktop/Ball_Tracking/ros2_ws/install/ball_tracking_pkg/share/ball_tracking_pkg/hook/pythonpath.dsv'
[7.052s] INFO:colcon.colcon_core.shell:Creating environment hook '/home/slam/Desktop/Ball_Tracking/ros2_ws/install/ball_tracking_pkg/share/ball_tracking_pkg/hook/pythonpath.sh'
[7.056s] Level 1:colcon.colcon_core.environment:checking '/home/slam/Desktop/Ball_Tracking/ros2_ws/install/ball_tracking_pkg/bin'
[7.056s] Level 1:colcon.colcon_core.environment:create_environment_scripts_only(ball_tracking_pkg)
[7.058s] INFO:colcon.colcon_core.shell:Creating package script '/home/slam/Desktop/Ball_Tracking/ros2_ws/install/ball_tracking_pkg/share/ball_tracking_pkg/package.ps1'
[7.061s] INFO:colcon.colcon_core.shell:Creating package descriptor '/home/slam/Desktop/Ball_Tracking/ros2_ws/install/ball_tracking_pkg/share/ball_tracking_pkg/package.dsv'
[7.063s] INFO:colcon.colcon_core.shell:Creating package script '/home/slam/Desktop/Ball_Tracking/ros2_ws/install/ball_tracking_pkg/share/ball_tracking_pkg/package.sh'
[7.065s] INFO:colcon.colcon_core.shell:Creating package script '/home/slam/Desktop/Ball_Tracking/ros2_ws/install/ball_tracking_pkg/share/ball_tracking_pkg/package.bash'
[7.067s] INFO:colcon.colcon_core.shell:Creating package script '/home/slam/Desktop/Ball_Tracking/ros2_ws/install/ball_tracking_pkg/share/ball_tracking_pkg/package.zsh'
[7.069s] Level 1:colcon.colcon_core.environment:create_file_with_runtime_dependencies(/home/slam/Desktop/Ball_Tracking/ros2_ws/install/ball_tracking_pkg/share/colcon-core/packages/ball_tracking_pkg)
[7.070s] DEBUG:colcon.colcon_parallel_executor.executor.parallel:closing loop
[7.071s] DEBUG:colcon.colcon_parallel_executor.executor.parallel:loop closed
[7.071s] DEBUG:colcon.colcon_parallel_executor.executor.parallel:run_until_complete finished with '0'
[7.072s] DEBUG:colcon.colcon_core.event_reactor:joining thread
[7.074s] DEBUG:colcon.colcon_core.event_reactor:joined thread
[7.075s] INFO:colcon.colcon_core.shell:Creating prefix script '/home/slam/Desktop/Ball_Tracking/ros2_ws/install/local_setup.ps1'
[7.079s] INFO:colcon.colcon_core.shell:Creating prefix util module '/home/slam/Desktop/Ball_Tracking/ros2_ws/install/_local_setup_util_ps1.py'
[7.089s] INFO:colcon.colcon_core.shell:Creating prefix chain script '/home/slam/Desktop/Ball_Tracking/ros2_ws/install/setup.ps1'
[7.095s] INFO:colcon.colcon_core.shell:Creating prefix script '/home/slam/Desktop/Ball_Tracking/ros2_ws/install/local_setup.sh'
[7.101s] INFO:colcon.colcon_core.shell:Creating prefix util module '/home/slam/Desktop/Ball_Tracking/ros2_ws/install/_local_setup_util_sh.py'
[7.104s] INFO:colcon.colcon_core.shell:Creating prefix chain script '/home/slam/Desktop/Ball_Tracking/ros2_ws/install/setup.sh'
[7.110s] INFO:colcon.colcon_core.shell:Creating prefix script '/home/slam/Desktop/Ball_Tracking/ros2_ws/install/local_setup.bash'
[7.114s] INFO:colcon.colcon_core.shell:Creating prefix chain script '/home/slam/Desktop/Ball_Tracking/ros2_ws/install/setup.bash'
[7.119s] INFO:colcon.colcon_core.shell:Creating prefix script '/home/slam/Desktop/Ball_Tracking/ros2_ws/install/local_setup.zsh'
[7.122s] INFO:colcon.colcon_core.shell:Creating prefix chain script '/home/slam/Desktop/Ball_Tracking/ros2_ws/install/setup.zsh'
