[1.164s] Invoking command in '/home/slam/Desktop/Ball_Tracking/ros2_ws/build/kinect_ros2': CMAKE_PREFIX_PATH=/opt/ros/humble /usr/bin/cmake --build /home/slam/Desktop/Ball_Tracking/ros2_ws/build/kinect_ros2 -- -j4 -l4
[1.850s] [ 50%] Built target kinect_ros2_component
[1.964s] [100%] Built target kinect_ros2_node
[2.003s] Invoked command in '/home/slam/Desktop/Ball_Tracking/ros2_ws/build/kinect_ros2' returned '0': CMAKE_PREFIX_PATH=/opt/ros/humble /usr/bin/cmake --build /home/slam/Desktop/Ball_Tracking/ros2_ws/build/kinect_ros2 -- -j4 -l4
[2.042s] Invoking command in '/home/slam/Desktop/Ball_Tracking/ros2_ws/build/kinect_ros2': CMAKE_PREFIX_PATH=/opt/ros/humble /usr/bin/cmake --install /home/slam/Desktop/Ball_Tracking/ros2_ws/build/kinect_ros2
[2.071s] -- Install configuration: ""
[2.075s] -- Up-to-date: /home/slam/Desktop/Ball_Tracking/ros2_ws/install/kinect_ros2/lib/libkinect_ros2_component.so
[2.077s] -- Up-to-date: /home/slam/Desktop/Ball_Tracking/ros2_ws/install/kinect_ros2/lib/kinect_ros2/kinect_ros2_node
[2.078s] -- Up-to-date: /home/slam/Desktop/Ball_Tracking/ros2_ws/install/kinect_ros2/share/kinect_ros2/cfg
[2.079s] -- Up-to-date: /home/slam/Desktop/Ball_Tracking/ros2_ws/install/kinect_ros2/share/kinect_ros2/cfg/calibration_rgb.yaml
[2.079s] -- Up-to-date: /home/slam/Desktop/Ball_Tracking/ros2_ws/install/kinect_ros2/share/kinect_ros2/cfg/calibration_depth.yaml
[2.080s] -- Up-to-date: /home/slam/Desktop/Ball_Tracking/ros2_ws/install/kinect_ros2/share/kinect_ros2/launch
[2.080s] -- Up-to-date: /home/slam/Desktop/Ball_Tracking/ros2_ws/install/kinect_ros2/share/kinect_ros2/launch/pointcloud.launch.py
[2.081s] -- Up-to-date: /home/slam/Desktop/Ball_Tracking/ros2_ws/install/kinect_ros2/share/kinect_ros2/launch/showimage.launch.py
[2.081s] -- Up-to-date: /home/slam/Desktop/Ball_Tracking/ros2_ws/install/kinect_ros2/share/kinect_ros2/rviz
[2.081s] -- Up-to-date: /home/slam/Desktop/Ball_Tracking/ros2_ws/install/kinect_ros2/share/kinect_ros2/rviz/pointcloud.rviz
[2.082s] -- Up-to-date: /home/slam/Desktop/Ball_Tracking/ros2_ws/install/kinect_ros2/share/ament_index/resource_index/package_run_dependencies/kinect_ros2
[2.082s] -- Up-to-date: /home/slam/Desktop/Ball_Tracking/ros2_ws/install/kinect_ros2/share/ament_index/resource_index/parent_prefix_path/kinect_ros2
[2.083s] -- Up-to-date: /home/slam/Desktop/Ball_Tracking/ros2_ws/install/kinect_ros2/share/kinect_ros2/environment/ament_prefix_path.sh
[2.083s] -- Up-to-date: /home/slam/Desktop/Ball_Tracking/ros2_ws/install/kinect_ros2/share/kinect_ros2/environment/ament_prefix_path.dsv
[2.084s] -- Up-to-date: /home/slam/Desktop/Ball_Tracking/ros2_ws/install/kinect_ros2/share/kinect_ros2/environment/path.sh
[2.084s] -- Up-to-date: /home/slam/Desktop/Ball_Tracking/ros2_ws/install/kinect_ros2/share/kinect_ros2/environment/path.dsv
[2.085s] -- Up-to-date: /home/slam/Desktop/Ball_Tracking/ros2_ws/install/kinect_ros2/share/kinect_ros2/local_setup.bash
[2.085s] -- Up-to-date: /home/slam/Desktop/Ball_Tracking/ros2_ws/install/kinect_ros2/share/kinect_ros2/local_setup.sh
[2.086s] -- Up-to-date: /home/slam/Desktop/Ball_Tracking/ros2_ws/install/kinect_ros2/share/kinect_ros2/local_setup.zsh
[2.086s] -- Up-to-date: /home/slam/Desktop/Ball_Tracking/ros2_ws/install/kinect_ros2/share/kinect_ros2/local_setup.dsv
[2.086s] -- Installing: /home/slam/Desktop/Ball_Tracking/ros2_ws/install/kinect_ros2/share/kinect_ros2/package.dsv
[2.087s] -- Up-to-date: /home/slam/Desktop/Ball_Tracking/ros2_ws/install/kinect_ros2/share/ament_index/resource_index/packages/kinect_ros2
[2.087s] -- Up-to-date: /home/slam/Desktop/Ball_Tracking/ros2_ws/install/kinect_ros2/share/ament_index/resource_index/rclcpp_components/kinect_ros2
[2.088s] -- Up-to-date: /home/slam/Desktop/Ball_Tracking/ros2_ws/install/kinect_ros2/share/kinect_ros2/cmake/kinect_ros2Config.cmake
[2.089s] -- Up-to-date: /home/slam/Desktop/Ball_Tracking/ros2_ws/install/kinect_ros2/share/kinect_ros2/cmake/kinect_ros2Config-version.cmake
[2.089s] -- Up-to-date: /home/slam/Desktop/Ball_Tracking/ros2_ws/install/kinect_ros2/share/kinect_ros2/package.xml
[2.101s] Invoked command in '/home/slam/Desktop/Ball_Tracking/ros2_ws/build/kinect_ros2' returned '0': CMAKE_PREFIX_PATH=/opt/ros/humble /usr/bin/cmake --install /home/slam/Desktop/Ball_Tracking/ros2_ws/build/kinect_ros2
