/home/slam/Desktop/Ball_Tracking/ros2_ws/install/ball_tracking_pkg/lib/python3.10/site-packages/ball_tracking_pkg/control_node.py
/home/slam/Desktop/Ball_Tracking/ros2_ws/install/ball_tracking_pkg/lib/python3.10/site-packages/ball_tracking_pkg/SubPayloadSchemas.py
/home/slam/Desktop/Ball_Tracking/ros2_ws/install/ball_tracking_pkg/lib/python3.10/site-packages/ball_tracking_pkg/vision_node.py
/home/slam/Desktop/Ball_Tracking/ros2_ws/install/ball_tracking_pkg/lib/python3.10/site-packages/ball_tracking_pkg/__init__.py
/home/slam/Desktop/Ball_Tracking/ros2_ws/install/ball_tracking_pkg/lib/python3.10/site-packages/ball_tracking_pkg/QBot.py
/home/slam/Desktop/Ball_Tracking/ros2_ws/install/ball_tracking_pkg/lib/python3.10/site-packages/ball_tracking_pkg/test_kobuki.py
/home/slam/Desktop/Ball_Tracking/ros2_ws/install/ball_tracking_pkg/lib/python3.10/site-packages/ball_tracking_pkg/DataFieldTypes.py
/home/slam/Desktop/Ball_Tracking/ros2_ws/install/ball_tracking_pkg/lib/python3.10/site-packages/ball_tracking_pkg/__pycache__/control_node.cpython-310.pyc
/home/slam/Desktop/Ball_Tracking/ros2_ws/install/ball_tracking_pkg/lib/python3.10/site-packages/ball_tracking_pkg/__pycache__/SubPayloadSchemas.cpython-310.pyc
/home/slam/Desktop/Ball_Tracking/ros2_ws/install/ball_tracking_pkg/lib/python3.10/site-packages/ball_tracking_pkg/__pycache__/vision_node.cpython-310.pyc
/home/slam/Desktop/Ball_Tracking/ros2_ws/install/ball_tracking_pkg/lib/python3.10/site-packages/ball_tracking_pkg/__pycache__/__init__.cpython-310.pyc
/home/slam/Desktop/Ball_Tracking/ros2_ws/install/ball_tracking_pkg/lib/python3.10/site-packages/ball_tracking_pkg/__pycache__/QBot.cpython-310.pyc
/home/slam/Desktop/Ball_Tracking/ros2_ws/install/ball_tracking_pkg/lib/python3.10/site-packages/ball_tracking_pkg/__pycache__/test_kobuki.cpython-310.pyc
/home/slam/Desktop/Ball_Tracking/ros2_ws/install/ball_tracking_pkg/lib/python3.10/site-packages/ball_tracking_pkg/__pycache__/DataFieldTypes.cpython-310.pyc
/home/slam/Desktop/Ball_Tracking/ros2_ws/install/ball_tracking_pkg/share/ament_index/resource_index/packages/ball_tracking_pkg
/home/slam/Desktop/Ball_Tracking/ros2_ws/install/ball_tracking_pkg/share/ball_tracking_pkg/package.xml
/home/slam/Desktop/Ball_Tracking/ros2_ws/install/ball_tracking_pkg/share/ball_tracking_pkg/launch/tracker_launch.py
/home/slam/Desktop/Ball_Tracking/ros2_ws/install/ball_tracking_pkg/lib/python3.10/site-packages/ball_tracking_pkg-0.0.0-py3.10.egg-info/zip-safe
/home/slam/Desktop/Ball_Tracking/ros2_ws/install/ball_tracking_pkg/lib/python3.10/site-packages/ball_tracking_pkg-0.0.0-py3.10.egg-info/PKG-INFO
/home/slam/Desktop/Ball_Tracking/ros2_ws/install/ball_tracking_pkg/lib/python3.10/site-packages/ball_tracking_pkg-0.0.0-py3.10.egg-info/top_level.txt
/home/slam/Desktop/Ball_Tracking/ros2_ws/install/ball_tracking_pkg/lib/python3.10/site-packages/ball_tracking_pkg-0.0.0-py3.10.egg-info/requires.txt
/home/slam/Desktop/Ball_Tracking/ros2_ws/install/ball_tracking_pkg/lib/python3.10/site-packages/ball_tracking_pkg-0.0.0-py3.10.egg-info/entry_points.txt
/home/slam/Desktop/Ball_Tracking/ros2_ws/install/ball_tracking_pkg/lib/python3.10/site-packages/ball_tracking_pkg-0.0.0-py3.10.egg-info/dependency_links.txt
/home/slam/Desktop/Ball_Tracking/ros2_ws/install/ball_tracking_pkg/lib/python3.10/site-packages/ball_tracking_pkg-0.0.0-py3.10.egg-info/SOURCES.txt
/home/slam/Desktop/Ball_Tracking/ros2_ws/install/ball_tracking_pkg/lib/ball_tracking_pkg/control_node
/home/slam/Desktop/Ball_Tracking/ros2_ws/install/ball_tracking_pkg/lib/ball_tracking_pkg/vision_node
