[1.288s] DEBUG:colcon:Command line arguments: ['/usr/bin/colcon', 'build']
[1.288s] DEBUG:colcon:Parsed command line arguments: Namespace(log_base=None, log_level=None, verb_name='build', build_base='build', install_base='install', merge_install=False, symlink_install=False, test_result_base=None, continue_on_error=False, executor='parallel', parallel_workers=4, event_handlers=None, ignore_user_meta=False, metas=['./colcon.meta'], base_paths=['.'], packages_ignore=None, packages_ignore_regex=None, paths=None, packages_up_to=None, packages_up_to_regex=None, packages_above=None, packages_above_and_dependencies=None, packages_above_depth=None, packages_select_by_dep=None, packages_skip_by_dep=None, packages_skip_up_to=None, packages_select_build_failed=False, packages_skip_build_finished=False, packages_select_test_failures=False, packages_skip_test_passed=False, packages_select=None, packages_skip=None, packages_select_regex=None, packages_skip_regex=None, packages_start=None, packages_end=None, allow_overriding=[], cmake_args=None, cmake_target=None, cmake_target_skip_unavailable=False, cmake_clean_cache=False, cmake_clean_first=False, cmake_force_configure=False, ament_cmake_args=None, catkin_cmake_args=None, catkin_skip_building_tests=False, verb_parser=<colcon_defaults.argument_parser.defaults.DefaultArgumentsDecorator object at 0xffff81783e80>, verb_extension=<colcon_core.verb.build.BuildVerb object at 0xffff81959270>, main=<bound method BuildVerb.main of <colcon_core.verb.build.BuildVerb object at 0xffff81959270>>)
[2.703s] Level 1:colcon.colcon_core.package_discovery:discover_packages(colcon_meta) check parameters
[2.704s] Level 1:colcon.colcon_core.package_discovery:discover_packages(recursive) check parameters
[2.705s] Level 1:colcon.colcon_core.package_discovery:discover_packages(ignore) check parameters
[2.705s] Level 1:colcon.colcon_core.package_discovery:discover_packages(path) check parameters
[2.705s] Level 1:colcon.colcon_core.package_discovery:discover_packages(colcon_meta) discover
[2.705s] Level 1:colcon.colcon_core.package_discovery:discover_packages(recursive) discover
[2.705s] INFO:colcon.colcon_core.package_discovery:Crawling recursively for packages in '/home/slam/Desktop/Ball_Tracking/ros2_ws'
[2.706s] Level 1:colcon.colcon_core.package_identification:_identify(.) by extensions ['ignore', 'ignore_ament_install']
[2.706s] Level 1:colcon.colcon_core.package_identification:_identify(.) by extension 'ignore'
[2.707s] Level 1:colcon.colcon_core.package_identification:_identify(.) by extension 'ignore_ament_install'
[2.707s] Level 1:colcon.colcon_core.package_identification:_identify(.) by extensions ['colcon_pkg']
[2.707s] Level 1:colcon.colcon_core.package_identification:_identify(.) by extension 'colcon_pkg'
[2.707s] Level 1:colcon.colcon_core.package_identification:_identify(.) by extensions ['colcon_meta']
[2.707s] Level 1:colcon.colcon_core.package_identification:_identify(.) by extension 'colcon_meta'
[2.708s] Level 1:colcon.colcon_core.package_identification:_identify(.) by extensions ['ros']
[2.708s] Level 1:colcon.colcon_core.package_identification:_identify(.) by extension 'ros'
[2.782s] Level 1:colcon.colcon_core.package_identification:_identify(.) by extensions ['cmake', 'python']
[2.783s] Level 1:colcon.colcon_core.package_identification:_identify(.) by extension 'cmake'
[2.783s] Level 1:colcon.colcon_core.package_identification:_identify(.) by extension 'python'
[2.783s] Level 1:colcon.colcon_core.package_identification:_identify(.) by extensions ['python_setup_py']
[2.783s] Level 1:colcon.colcon_core.package_identification:_identify(.) by extension 'python_setup_py'
[2.784s] Level 1:colcon.colcon_core.package_identification:_identify(build) by extensions ['ignore', 'ignore_ament_install']
[2.784s] Level 1:colcon.colcon_core.package_identification:_identify(build) by extension 'ignore'
[2.784s] Level 1:colcon.colcon_core.package_identification:_identify(build) ignored
[2.785s] Level 1:colcon.colcon_core.package_identification:_identify(install) by extensions ['ignore', 'ignore_ament_install']
[2.785s] Level 1:colcon.colcon_core.package_identification:_identify(install) by extension 'ignore'
[2.785s] Level 1:colcon.colcon_core.package_identification:_identify(install) ignored
[2.786s] Level 1:colcon.colcon_core.package_identification:_identify(log) by extensions ['ignore', 'ignore_ament_install']
[2.786s] Level 1:colcon.colcon_core.package_identification:_identify(log) by extension 'ignore'
[2.786s] Level 1:colcon.colcon_core.package_identification:_identify(log) ignored
[2.787s] Level 1:colcon.colcon_core.package_identification:_identify(src) by extensions ['ignore', 'ignore_ament_install']
[2.787s] Level 1:colcon.colcon_core.package_identification:_identify(src) by extension 'ignore'
[2.787s] Level 1:colcon.colcon_core.package_identification:_identify(src) by extension 'ignore_ament_install'
[2.787s] Level 1:colcon.colcon_core.package_identification:_identify(src) by extensions ['colcon_pkg']
[2.788s] Level 1:colcon.colcon_core.package_identification:_identify(src) by extension 'colcon_pkg'
[2.788s] Level 1:colcon.colcon_core.package_identification:_identify(src) by extensions ['colcon_meta']
[2.788s] Level 1:colcon.colcon_core.package_identification:_identify(src) by extension 'colcon_meta'
[2.788s] Level 1:colcon.colcon_core.package_identification:_identify(src) by extensions ['ros']
[2.788s] Level 1:colcon.colcon_core.package_identification:_identify(src) by extension 'ros'
[2.789s] Level 1:colcon.colcon_core.package_identification:_identify(src) by extensions ['cmake', 'python']
[2.789s] Level 1:colcon.colcon_core.package_identification:_identify(src) by extension 'cmake'
[2.789s] Level 1:colcon.colcon_core.package_identification:_identify(src) by extension 'python'
[2.789s] Level 1:colcon.colcon_core.package_identification:_identify(src) by extensions ['python_setup_py']
[2.789s] Level 1:colcon.colcon_core.package_identification:_identify(src) by extension 'python_setup_py'
[2.790s] Level 1:colcon.colcon_core.package_identification:_identify(src/ball_tracking_pkg) by extensions ['ignore', 'ignore_ament_install']
[2.790s] Level 1:colcon.colcon_core.package_identification:_identify(src/ball_tracking_pkg) by extension 'ignore'
[2.791s] Level 1:colcon.colcon_core.package_identification:_identify(src/ball_tracking_pkg) by extension 'ignore_ament_install'
[2.791s] Level 1:colcon.colcon_core.package_identification:_identify(src/ball_tracking_pkg) by extensions ['colcon_pkg']
[2.791s] Level 1:colcon.colcon_core.package_identification:_identify(src/ball_tracking_pkg) by extension 'colcon_pkg'
[2.792s] Level 1:colcon.colcon_core.package_identification:_identify(src/ball_tracking_pkg) by extensions ['colcon_meta']
[2.792s] Level 1:colcon.colcon_core.package_identification:_identify(src/ball_tracking_pkg) by extension 'colcon_meta'
[2.792s] Level 1:colcon.colcon_core.package_identification:_identify(src/ball_tracking_pkg) by extensions ['ros']
[2.792s] Level 1:colcon.colcon_core.package_identification:_identify(src/ball_tracking_pkg) by extension 'ros'
[2.807s] DEBUG:colcon.colcon_core.package_identification:Package 'src/ball_tracking_pkg' with type 'ros.ament_python' and name 'ball_tracking_pkg'
[2.808s] Level 1:colcon.colcon_core.package_identification:_identify(src/kinect_ros2) by extensions ['ignore', 'ignore_ament_install']
[2.808s] Level 1:colcon.colcon_core.package_identification:_identify(src/kinect_ros2) by extension 'ignore'
[2.808s] Level 1:colcon.colcon_core.package_identification:_identify(src/kinect_ros2) by extension 'ignore_ament_install'
[2.808s] Level 1:colcon.colcon_core.package_identification:_identify(src/kinect_ros2) by extensions ['colcon_pkg']
[2.809s] Level 1:colcon.colcon_core.package_identification:_identify(src/kinect_ros2) by extension 'colcon_pkg'
[2.809s] Level 1:colcon.colcon_core.package_identification:_identify(src/kinect_ros2) by extensions ['colcon_meta']
[2.809s] Level 1:colcon.colcon_core.package_identification:_identify(src/kinect_ros2) by extension 'colcon_meta'
[2.809s] Level 1:colcon.colcon_core.package_identification:_identify(src/kinect_ros2) by extensions ['ros']
[2.810s] Level 1:colcon.colcon_core.package_identification:_identify(src/kinect_ros2) by extension 'ros'
[2.816s] DEBUG:colcon.colcon_core.package_identification:Package 'src/kinect_ros2' with type 'ros.ament_cmake' and name 'kinect_ros2'
[2.816s] Level 1:colcon.colcon_core.package_discovery:discover_packages(recursive) using defaults
[2.816s] Level 1:colcon.colcon_core.package_discovery:discover_packages(ignore) discover
[2.816s] Level 1:colcon.colcon_core.package_discovery:discover_packages(ignore) using defaults
[2.816s] Level 1:colcon.colcon_core.package_discovery:discover_packages(path) discover
[2.816s] Level 1:colcon.colcon_core.package_discovery:discover_packages(path) using defaults
[2.972s] Level 1:colcon.colcon_core.package_discovery:discover_packages(prefix_path) check parameters
[2.972s] Level 1:colcon.colcon_core.package_discovery:discover_packages(prefix_path) discover
[2.997s] DEBUG:colcon.colcon_installed_package_information.package_discovery:Found 289 installed packages in /opt/ros/humble
[3.046s] Level 1:colcon.colcon_core.package_discovery:discover_packages(prefix_path) using defaults
[3.244s] Level 5:colcon.colcon_core.verb:set package 'ball_tracking_pkg' build argument 'cmake_args' from command line to 'None'
[3.245s] Level 5:colcon.colcon_core.verb:set package 'ball_tracking_pkg' build argument 'cmake_target' from command line to 'None'
[3.245s] Level 5:colcon.colcon_core.verb:set package 'ball_tracking_pkg' build argument 'cmake_target_skip_unavailable' from command line to 'False'
[3.245s] Level 5:colcon.colcon_core.verb:set package 'ball_tracking_pkg' build argument 'cmake_clean_cache' from command line to 'False'
[3.245s] Level 5:colcon.colcon_core.verb:set package 'ball_tracking_pkg' build argument 'cmake_clean_first' from command line to 'False'
[3.245s] Level 5:colcon.colcon_core.verb:set package 'ball_tracking_pkg' build argument 'cmake_force_configure' from command line to 'False'
[3.245s] Level 5:colcon.colcon_core.verb:set package 'ball_tracking_pkg' build argument 'ament_cmake_args' from command line to 'None'
[3.245s] Level 5:colcon.colcon_core.verb:set package 'ball_tracking_pkg' build argument 'catkin_cmake_args' from command line to 'None'
[3.245s] Level 5:colcon.colcon_core.verb:set package 'ball_tracking_pkg' build argument 'catkin_skip_building_tests' from command line to 'False'
[3.246s] DEBUG:colcon.colcon_core.verb:Building package 'ball_tracking_pkg' with the following arguments: {'ament_cmake_args': None, 'build_base': '/home/slam/Desktop/Ball_Tracking/ros2_ws/build/ball_tracking_pkg', 'catkin_cmake_args': None, 'catkin_skip_building_tests': False, 'cmake_args': None, 'cmake_clean_cache': False, 'cmake_clean_first': False, 'cmake_force_configure': False, 'cmake_target': None, 'cmake_target_skip_unavailable': False, 'install_base': '/home/slam/Desktop/Ball_Tracking/ros2_ws/install/ball_tracking_pkg', 'merge_install': False, 'path': '/home/slam/Desktop/Ball_Tracking/ros2_ws/src/ball_tracking_pkg', 'symlink_install': False, 'test_result_base': None}
[3.247s] Level 5:colcon.colcon_core.verb:set package 'kinect_ros2' build argument 'cmake_args' from command line to 'None'
[3.247s] Level 5:colcon.colcon_core.verb:set package 'kinect_ros2' build argument 'cmake_target' from command line to 'None'
[3.247s] Level 5:colcon.colcon_core.verb:set package 'kinect_ros2' build argument 'cmake_target_skip_unavailable' from command line to 'False'
[3.247s] Level 5:colcon.colcon_core.verb:set package 'kinect_ros2' build argument 'cmake_clean_cache' from command line to 'False'
[3.248s] Level 5:colcon.colcon_core.verb:set package 'kinect_ros2' build argument 'cmake_clean_first' from command line to 'False'
[3.248s] Level 5:colcon.colcon_core.verb:set package 'kinect_ros2' build argument 'cmake_force_configure' from command line to 'False'
[3.248s] Level 5:colcon.colcon_core.verb:set package 'kinect_ros2' build argument 'ament_cmake_args' from command line to 'None'
[3.248s] Level 5:colcon.colcon_core.verb:set package 'kinect_ros2' build argument 'catkin_cmake_args' from command line to 'None'
[3.248s] Level 5:colcon.colcon_core.verb:set package 'kinect_ros2' build argument 'catkin_skip_building_tests' from command line to 'False'
[3.248s] DEBUG:colcon.colcon_core.verb:Building package 'kinect_ros2' with the following arguments: {'ament_cmake_args': None, 'build_base': '/home/slam/Desktop/Ball_Tracking/ros2_ws/build/kinect_ros2', 'catkin_cmake_args': None, 'catkin_skip_building_tests': False, 'cmake_args': None, 'cmake_clean_cache': False, 'cmake_clean_first': False, 'cmake_force_configure': False, 'cmake_target': None, 'cmake_target_skip_unavailable': False, 'install_base': '/home/slam/Desktop/Ball_Tracking/ros2_ws/install/kinect_ros2', 'merge_install': False, 'path': '/home/slam/Desktop/Ball_Tracking/ros2_ws/src/kinect_ros2', 'symlink_install': False, 'test_result_base': None}
[3.249s] INFO:colcon.colcon_core.executor:Executing jobs using 'parallel' executor
[3.252s] DEBUG:colcon.colcon_parallel_executor.executor.parallel:run_until_complete
[3.253s] INFO:colcon.colcon_ros.task.ament_python.build:Building ROS package in '/home/slam/Desktop/Ball_Tracking/ros2_ws/src/ball_tracking_pkg' with build type 'ament_python'
[3.254s] Level 1:colcon.colcon_core.shell:create_environment_hook('ball_tracking_pkg', 'ament_prefix_path')
[3.279s] INFO:colcon.colcon_core.plugin_system:Skipping extension 'colcon_core.shell.bat': Not used on non-Windows systems
[3.281s] INFO:colcon.colcon_core.shell:Creating environment hook '/home/slam/Desktop/Ball_Tracking/ros2_ws/install/ball_tracking_pkg/share/ball_tracking_pkg/hook/ament_prefix_path.ps1'
[3.289s] INFO:colcon.colcon_core.shell:Creating environment descriptor '/home/slam/Desktop/Ball_Tracking/ros2_ws/install/ball_tracking_pkg/share/ball_tracking_pkg/hook/ament_prefix_path.dsv'
[3.293s] INFO:colcon.colcon_core.shell:Creating environment hook '/home/slam/Desktop/Ball_Tracking/ros2_ws/install/ball_tracking_pkg/share/ball_tracking_pkg/hook/ament_prefix_path.sh'
[3.299s] INFO:colcon.colcon_core.shell:Skip shell extension 'powershell' for command environment: Not usable outside of PowerShell
[3.300s] DEBUG:colcon.colcon_core.shell:Skip shell extension 'dsv' for command environment
[3.318s] INFO:colcon.colcon_ros.task.ament_cmake.build:Building ROS package in '/home/slam/Desktop/Ball_Tracking/ros2_ws/src/kinect_ros2' with build type 'ament_cmake'
[3.319s] INFO:colcon.colcon_cmake.task.cmake.build:Building CMake package in '/home/slam/Desktop/Ball_Tracking/ros2_ws/src/kinect_ros2'
[3.320s] INFO:colcon.colcon_core.shell:Skip shell extension 'powershell' for command environment: Not usable outside of PowerShell
[3.321s] DEBUG:colcon.colcon_core.shell:Skip shell extension 'dsv' for command environment
[4.686s] INFO:colcon.colcon_core.task.python.build:Building Python package in '/home/slam/Desktop/Ball_Tracking/ros2_ws/src/ball_tracking_pkg'
[4.687s] INFO:colcon.colcon_core.shell:Skip shell extension 'powershell' for command environment: Not usable outside of PowerShell
[4.687s] DEBUG:colcon.colcon_core.shell:Skip shell extension 'dsv' for command environment
[4.716s] DEBUG:colcon.colcon_core.event_handler.log_command:Invoking command in '/home/slam/Desktop/Ball_Tracking/ros2_ws/build/kinect_ros2': CMAKE_PREFIX_PATH=/opt/ros/humble /usr/bin/cmake /home/slam/Desktop/Ball_Tracking/ros2_ws/src/kinect_ros2 -DCMAKE_INSTALL_PREFIX=/home/slam/Desktop/Ball_Tracking/ros2_ws/install/kinect_ros2
[7.450s] DEBUG:colcon.colcon_core.event_handler.log_command:Invoking command in '/home/slam/Desktop/Ball_Tracking/ros2_ws/src/ball_tracking_pkg': PYTHONPATH=/home/slam/Desktop/Ball_Tracking/ros2_ws/build/ball_tracking_pkg/prefix_override:/usr/lib/python3/dist-packages/colcon_core/task/python/colcon_distutils_commands:/home/slam/Desktop/Ball_Tracking/ros2_ws/install/ball_tracking_pkg/lib/python3.10/site-packages:${PYTHONPATH} /usr/bin/python3 -W ignore:setup.py install is deprecated -W ignore:easy_install command is deprecated setup.py egg_info --egg-base ../../build/ball_tracking_pkg build --build-base /home/slam/Desktop/Ball_Tracking/ros2_ws/build/ball_tracking_pkg/build install --record /home/slam/Desktop/Ball_Tracking/ros2_ws/build/ball_tracking_pkg/install.log --single-version-externally-managed install_data
[9.503s] DEBUG:colcon.colcon_core.event_handler.log_command:Invoked command in '/home/slam/Desktop/Ball_Tracking/ros2_ws/src/ball_tracking_pkg' returned '0': PYTHONPATH=/home/slam/Desktop/Ball_Tracking/ros2_ws/build/ball_tracking_pkg/prefix_override:/usr/lib/python3/dist-packages/colcon_core/task/python/colcon_distutils_commands:/home/slam/Desktop/Ball_Tracking/ros2_ws/install/ball_tracking_pkg/lib/python3.10/site-packages:${PYTHONPATH} /usr/bin/python3 -W ignore:setup.py install is deprecated -W ignore:easy_install command is deprecated setup.py egg_info --egg-base ../../build/ball_tracking_pkg build --build-base /home/slam/Desktop/Ball_Tracking/ros2_ws/build/ball_tracking_pkg/build install --record /home/slam/Desktop/Ball_Tracking/ros2_ws/build/ball_tracking_pkg/install.log --single-version-externally-managed install_data
[9.530s] Level 1:colcon.colcon_core.environment:checking '/home/slam/Desktop/Ball_Tracking/ros2_ws/install/ball_tracking_pkg' for CMake module files
[9.532s] Level 1:colcon.colcon_core.environment:checking '/home/slam/Desktop/Ball_Tracking/ros2_ws/install/ball_tracking_pkg' for CMake config files
[9.538s] Level 1:colcon.colcon_core.environment:checking '/home/slam/Desktop/Ball_Tracking/ros2_ws/install/ball_tracking_pkg/lib'
[9.539s] Level 1:colcon.colcon_core.environment:checking '/home/slam/Desktop/Ball_Tracking/ros2_ws/install/ball_tracking_pkg/bin'
[9.539s] Level 1:colcon.colcon_core.environment:checking '/home/slam/Desktop/Ball_Tracking/ros2_ws/install/ball_tracking_pkg/lib/pkgconfig/ball_tracking_pkg.pc'
[9.540s] Level 1:colcon.colcon_core.environment:checking '/home/slam/Desktop/Ball_Tracking/ros2_ws/install/ball_tracking_pkg/lib/python3.10/site-packages'
[9.540s] Level 1:colcon.colcon_core.shell:create_environment_hook('ball_tracking_pkg', 'pythonpath')
[9.542s] INFO:colcon.colcon_core.shell:Creating environment hook '/home/slam/Desktop/Ball_Tracking/ros2_ws/install/ball_tracking_pkg/share/ball_tracking_pkg/hook/pythonpath.ps1'
[9.544s] INFO:colcon.colcon_core.shell:Creating environment descriptor '/home/slam/Desktop/Ball_Tracking/ros2_ws/install/ball_tracking_pkg/share/ball_tracking_pkg/hook/pythonpath.dsv'
[9.546s] INFO:colcon.colcon_core.shell:Creating environment hook '/home/slam/Desktop/Ball_Tracking/ros2_ws/install/ball_tracking_pkg/share/ball_tracking_pkg/hook/pythonpath.sh'
[9.552s] Level 1:colcon.colcon_core.environment:checking '/home/slam/Desktop/Ball_Tracking/ros2_ws/install/ball_tracking_pkg/bin'
[9.553s] Level 1:colcon.colcon_core.environment:create_environment_scripts_only(ball_tracking_pkg)
[9.555s] INFO:colcon.colcon_core.shell:Creating package script '/home/slam/Desktop/Ball_Tracking/ros2_ws/install/ball_tracking_pkg/share/ball_tracking_pkg/package.ps1'
[9.563s] INFO:colcon.colcon_core.shell:Creating package descriptor '/home/slam/Desktop/Ball_Tracking/ros2_ws/install/ball_tracking_pkg/share/ball_tracking_pkg/package.dsv'
[9.568s] INFO:colcon.colcon_core.shell:Creating package script '/home/slam/Desktop/Ball_Tracking/ros2_ws/install/ball_tracking_pkg/share/ball_tracking_pkg/package.sh'
[9.572s] INFO:colcon.colcon_core.shell:Creating package script '/home/slam/Desktop/Ball_Tracking/ros2_ws/install/ball_tracking_pkg/share/ball_tracking_pkg/package.bash'
[9.576s] INFO:colcon.colcon_core.shell:Creating package script '/home/slam/Desktop/Ball_Tracking/ros2_ws/install/ball_tracking_pkg/share/ball_tracking_pkg/package.zsh'
[9.582s] Level 1:colcon.colcon_core.environment:create_file_with_runtime_dependencies(/home/slam/Desktop/Ball_Tracking/ros2_ws/install/ball_tracking_pkg/share/colcon-core/packages/ball_tracking_pkg)
[16.616s] DEBUG:colcon.colcon_core.event_handler.log_command:Invoked command in '/home/slam/Desktop/Ball_Tracking/ros2_ws/build/kinect_ros2' returned '0': CMAKE_PREFIX_PATH=/opt/ros/humble /usr/bin/cmake /home/slam/Desktop/Ball_Tracking/ros2_ws/src/kinect_ros2 -DCMAKE_INSTALL_PREFIX=/home/slam/Desktop/Ball_Tracking/ros2_ws/install/kinect_ros2
[16.618s] DEBUG:colcon.colcon_core.event_handler.log_command:Invoking command in '/home/slam/Desktop/Ball_Tracking/ros2_ws/build/kinect_ros2': CMAKE_PREFIX_PATH=/opt/ros/humble /usr/bin/cmake --build /home/slam/Desktop/Ball_Tracking/ros2_ws/build/kinect_ros2 -- -j4 -l4
[58.872s] DEBUG:colcon.colcon_core.event_handler.log_command:Invoked command in '/home/slam/Desktop/Ball_Tracking/ros2_ws/build/kinect_ros2' returned '0': CMAKE_PREFIX_PATH=/opt/ros/humble /usr/bin/cmake --build /home/slam/Desktop/Ball_Tracking/ros2_ws/build/kinect_ros2 -- -j4 -l4
[58.918s] DEBUG:colcon.colcon_core.event_handler.log_command:Invoking command in '/home/slam/Desktop/Ball_Tracking/ros2_ws/build/kinect_ros2': CMAKE_PREFIX_PATH=/opt/ros/humble /usr/bin/cmake --install /home/slam/Desktop/Ball_Tracking/ros2_ws/build/kinect_ros2
[59.006s] Level 1:colcon.colcon_core.environment:create_environment_scripts_only(kinect_ros2)
[59.007s] Level 1:colcon.colcon_core.environment:checking '/home/slam/Desktop/Ball_Tracking/ros2_ws/install/kinect_ros2' for CMake module files
[59.009s] DEBUG:colcon.colcon_core.event_handler.log_command:Invoked command in '/home/slam/Desktop/Ball_Tracking/ros2_ws/build/kinect_ros2' returned '0': CMAKE_PREFIX_PATH=/opt/ros/humble /usr/bin/cmake --install /home/slam/Desktop/Ball_Tracking/ros2_ws/build/kinect_ros2
[59.011s] Level 1:colcon.colcon_core.environment:checking '/home/slam/Desktop/Ball_Tracking/ros2_ws/install/kinect_ros2' for CMake config files
[59.014s] Level 1:colcon.colcon_core.shell:create_environment_hook('kinect_ros2', 'cmake_prefix_path')
[59.015s] INFO:colcon.colcon_core.shell:Creating environment hook '/home/slam/Desktop/Ball_Tracking/ros2_ws/install/kinect_ros2/share/kinect_ros2/hook/cmake_prefix_path.ps1'
[59.017s] INFO:colcon.colcon_core.shell:Creating environment descriptor '/home/slam/Desktop/Ball_Tracking/ros2_ws/install/kinect_ros2/share/kinect_ros2/hook/cmake_prefix_path.dsv'
[59.020s] INFO:colcon.colcon_core.shell:Creating environment hook '/home/slam/Desktop/Ball_Tracking/ros2_ws/install/kinect_ros2/share/kinect_ros2/hook/cmake_prefix_path.sh'
[59.022s] Level 1:colcon.colcon_core.environment:checking '/home/slam/Desktop/Ball_Tracking/ros2_ws/install/kinect_ros2/lib'
[59.023s] Level 1:colcon.colcon_core.shell:create_environment_hook('kinect_ros2', 'ld_library_path_lib')
[59.024s] INFO:colcon.colcon_core.shell:Creating environment hook '/home/slam/Desktop/Ball_Tracking/ros2_ws/install/kinect_ros2/share/kinect_ros2/hook/ld_library_path_lib.ps1'
[59.026s] INFO:colcon.colcon_core.shell:Creating environment descriptor '/home/slam/Desktop/Ball_Tracking/ros2_ws/install/kinect_ros2/share/kinect_ros2/hook/ld_library_path_lib.dsv'
[59.028s] INFO:colcon.colcon_core.shell:Creating environment hook '/home/slam/Desktop/Ball_Tracking/ros2_ws/install/kinect_ros2/share/kinect_ros2/hook/ld_library_path_lib.sh'
[59.030s] Level 1:colcon.colcon_core.environment:checking '/home/slam/Desktop/Ball_Tracking/ros2_ws/install/kinect_ros2/bin'
[59.031s] Level 1:colcon.colcon_core.environment:checking '/home/slam/Desktop/Ball_Tracking/ros2_ws/install/kinect_ros2/lib/pkgconfig/kinect_ros2.pc'
[59.032s] Level 1:colcon.colcon_core.environment:checking '/home/slam/Desktop/Ball_Tracking/ros2_ws/install/kinect_ros2/lib/python3.10/site-packages'
[59.034s] Level 1:colcon.colcon_core.environment:checking '/home/slam/Desktop/Ball_Tracking/ros2_ws/install/kinect_ros2/bin'
[59.035s] INFO:colcon.colcon_core.shell:Creating package script '/home/slam/Desktop/Ball_Tracking/ros2_ws/install/kinect_ros2/share/kinect_ros2/package.ps1'
[59.039s] INFO:colcon.colcon_core.shell:Creating package descriptor '/home/slam/Desktop/Ball_Tracking/ros2_ws/install/kinect_ros2/share/kinect_ros2/package.dsv'
[59.042s] INFO:colcon.colcon_core.shell:Creating package script '/home/slam/Desktop/Ball_Tracking/ros2_ws/install/kinect_ros2/share/kinect_ros2/package.sh'
[59.045s] INFO:colcon.colcon_core.shell:Creating package script '/home/slam/Desktop/Ball_Tracking/ros2_ws/install/kinect_ros2/share/kinect_ros2/package.bash'
[59.047s] INFO:colcon.colcon_core.shell:Creating package script '/home/slam/Desktop/Ball_Tracking/ros2_ws/install/kinect_ros2/share/kinect_ros2/package.zsh'
[59.051s] Level 1:colcon.colcon_core.environment:create_file_with_runtime_dependencies(/home/slam/Desktop/Ball_Tracking/ros2_ws/install/kinect_ros2/share/colcon-core/packages/kinect_ros2)
[59.054s] Level 1:colcon.colcon_core.environment:create_environment_scripts_only(kinect_ros2)
[59.055s] Level 1:colcon.colcon_core.environment:checking '/home/slam/Desktop/Ball_Tracking/ros2_ws/install/kinect_ros2' for CMake module files
[59.058s] Level 1:colcon.colcon_core.environment:checking '/home/slam/Desktop/Ball_Tracking/ros2_ws/install/kinect_ros2' for CMake config files
[59.061s] Level 1:colcon.colcon_core.shell:create_environment_hook('kinect_ros2', 'cmake_prefix_path')
[59.062s] INFO:colcon.colcon_core.shell:Creating environment hook '/home/slam/Desktop/Ball_Tracking/ros2_ws/install/kinect_ros2/share/kinect_ros2/hook/cmake_prefix_path.ps1'
[59.064s] INFO:colcon.colcon_core.shell:Creating environment descriptor '/home/slam/Desktop/Ball_Tracking/ros2_ws/install/kinect_ros2/share/kinect_ros2/hook/cmake_prefix_path.dsv'
[59.067s] INFO:colcon.colcon_core.shell:Creating environment hook '/home/slam/Desktop/Ball_Tracking/ros2_ws/install/kinect_ros2/share/kinect_ros2/hook/cmake_prefix_path.sh'
[59.071s] Level 1:colcon.colcon_core.environment:checking '/home/slam/Desktop/Ball_Tracking/ros2_ws/install/kinect_ros2/lib'
[59.072s] Level 1:colcon.colcon_core.shell:create_environment_hook('kinect_ros2', 'ld_library_path_lib')
[59.073s] INFO:colcon.colcon_core.shell:Creating environment hook '/home/slam/Desktop/Ball_Tracking/ros2_ws/install/kinect_ros2/share/kinect_ros2/hook/ld_library_path_lib.ps1'
[59.075s] INFO:colcon.colcon_core.shell:Creating environment descriptor '/home/slam/Desktop/Ball_Tracking/ros2_ws/install/kinect_ros2/share/kinect_ros2/hook/ld_library_path_lib.dsv'
[59.077s] INFO:colcon.colcon_core.shell:Creating environment hook '/home/slam/Desktop/Ball_Tracking/ros2_ws/install/kinect_ros2/share/kinect_ros2/hook/ld_library_path_lib.sh'
[59.080s] Level 1:colcon.colcon_core.environment:checking '/home/slam/Desktop/Ball_Tracking/ros2_ws/install/kinect_ros2/bin'
[59.080s] Level 1:colcon.colcon_core.environment:checking '/home/slam/Desktop/Ball_Tracking/ros2_ws/install/kinect_ros2/lib/pkgconfig/kinect_ros2.pc'
[59.081s] Level 1:colcon.colcon_core.environment:checking '/home/slam/Desktop/Ball_Tracking/ros2_ws/install/kinect_ros2/lib/python3.10/site-packages'
[59.083s] Level 1:colcon.colcon_core.environment:checking '/home/slam/Desktop/Ball_Tracking/ros2_ws/install/kinect_ros2/bin'
[59.084s] INFO:colcon.colcon_core.shell:Creating package script '/home/slam/Desktop/Ball_Tracking/ros2_ws/install/kinect_ros2/share/kinect_ros2/package.ps1'
[59.088s] INFO:colcon.colcon_core.shell:Creating package descriptor '/home/slam/Desktop/Ball_Tracking/ros2_ws/install/kinect_ros2/share/kinect_ros2/package.dsv'
[59.090s] INFO:colcon.colcon_core.shell:Creating package script '/home/slam/Desktop/Ball_Tracking/ros2_ws/install/kinect_ros2/share/kinect_ros2/package.sh'
[59.093s] INFO:colcon.colcon_core.shell:Creating package script '/home/slam/Desktop/Ball_Tracking/ros2_ws/install/kinect_ros2/share/kinect_ros2/package.bash'
[59.095s] INFO:colcon.colcon_core.shell:Creating package script '/home/slam/Desktop/Ball_Tracking/ros2_ws/install/kinect_ros2/share/kinect_ros2/package.zsh'
[59.098s] Level 1:colcon.colcon_core.environment:create_file_with_runtime_dependencies(/home/slam/Desktop/Ball_Tracking/ros2_ws/install/kinect_ros2/share/colcon-core/packages/kinect_ros2)
[59.099s] DEBUG:colcon.colcon_parallel_executor.executor.parallel:closing loop
[59.101s] DEBUG:colcon.colcon_parallel_executor.executor.parallel:loop closed
[59.101s] DEBUG:colcon.colcon_parallel_executor.executor.parallel:run_until_complete finished with '0'
[59.102s] DEBUG:colcon.colcon_core.event_reactor:joining thread
[59.136s] INFO:colcon.colcon_core.plugin_system:Skipping extension 'colcon_notification.desktop_notification.terminal_notifier': Not used on non-Darwin systems
[59.138s] INFO:colcon.colcon_core.plugin_system:Skipping extension 'colcon_notification.desktop_notification.win32': Not used on non-Windows systems
[59.139s] INFO:colcon.colcon_notification.desktop_notification:Sending desktop notification using 'notify2'
[59.265s] DEBUG:colcon.colcon_core.event_reactor:joined thread
[59.267s] INFO:colcon.colcon_core.shell:Creating prefix script '/home/slam/Desktop/Ball_Tracking/ros2_ws/install/local_setup.ps1'
[59.275s] INFO:colcon.colcon_core.shell:Creating prefix util module '/home/slam/Desktop/Ball_Tracking/ros2_ws/install/_local_setup_util_ps1.py'
[59.285s] INFO:colcon.colcon_core.shell:Creating prefix chain script '/home/slam/Desktop/Ball_Tracking/ros2_ws/install/setup.ps1'
[59.294s] INFO:colcon.colcon_core.shell:Creating prefix script '/home/slam/Desktop/Ball_Tracking/ros2_ws/install/local_setup.sh'
[59.300s] INFO:colcon.colcon_core.shell:Creating prefix util module '/home/slam/Desktop/Ball_Tracking/ros2_ws/install/_local_setup_util_sh.py'
[59.306s] INFO:colcon.colcon_core.shell:Creating prefix chain script '/home/slam/Desktop/Ball_Tracking/ros2_ws/install/setup.sh'
[59.313s] INFO:colcon.colcon_core.shell:Creating prefix script '/home/slam/Desktop/Ball_Tracking/ros2_ws/install/local_setup.bash'
[59.317s] INFO:colcon.colcon_core.shell:Creating prefix chain script '/home/slam/Desktop/Ball_Tracking/ros2_ws/install/setup.bash'
[59.324s] INFO:colcon.colcon_core.shell:Creating prefix script '/home/slam/Desktop/Ball_Tracking/ros2_ws/install/local_setup.zsh'
[59.328s] INFO:colcon.colcon_core.shell:Creating prefix chain script '/home/slam/Desktop/Ball_Tracking/ros2_ws/install/setup.zsh'
