[2.204s] Invoking command in '/home/slam/Desktop/Ball_Tracking/ros2_ws/build/kinect_ros2': CMAKE_PREFIX_PATH=/opt/ros/humble /usr/bin/cmake --build /home/slam/Desktop/Ball_Tracking/ros2_ws/build/kinect_ros2 -- -j4 -l4
[3.163s] [ 50%] Built target kinect_ros2_component
[3.360s] [100%] Built target kinect_ros2_node
[3.432s] Invoked command in '/home/slam/Desktop/Ball_Tracking/ros2_ws/build/kinect_ros2' returned '0': CMAKE_PREFIX_PATH=/opt/ros/humble /usr/bin/cmake --build /home/slam/Desktop/Ball_Tracking/ros2_ws/build/kinect_ros2 -- -j4 -l4
[3.495s] Invoking command in '/home/slam/Desktop/Ball_Tracking/ros2_ws/build/kinect_ros2': CMAKE_PREFIX_PATH=/opt/ros/humble /usr/bin/cmake --install /home/slam/Desktop/Ball_Tracking/ros2_ws/build/kinect_ros2
[3.548s] -- Install configuration: ""
[3.560s] -- Up-to-date: /home/slam/Desktop/Ball_Tracking/ros2_ws/install/kinect_ros2/lib/libkinect_ros2_component.so
[3.560s] -- Up-to-date: /home/slam/Desktop/Ball_Tracking/ros2_ws/install/kinect_ros2/lib/kinect_ros2/kinect_ros2_node
[3.563s] -- Up-to-date: /home/slam/Desktop/Ball_Tracking/ros2_ws/install/kinect_ros2/share/kinect_ros2/cfg
[3.565s] -- Up-to-date: /home/slam/Desktop/Ball_Tracking/ros2_ws/install/kinect_ros2/share/kinect_ros2/cfg/calibration_rgb.yaml
[3.567s] -- Up-to-date: /home/slam/Desktop/Ball_Tracking/ros2_ws/install/kinect_ros2/share/kinect_ros2/cfg/calibration_depth.yaml
[3.574s] -- Up-to-date: /home/slam/Desktop/Ball_Tracking/ros2_ws/install/kinect_ros2/share/kinect_ros2/launch
[3.579s] -- Up-to-date: /home/slam/Desktop/Ball_Tracking/ros2_ws/install/kinect_ros2/share/kinect_ros2/launch/pointcloud.launch.py
[3.581s] -- Up-to-date: /home/slam/Desktop/Ball_Tracking/ros2_ws/install/kinect_ros2/share/kinect_ros2/launch/showimage.launch.py
[3.582s] -- Up-to-date: /home/slam/Desktop/Ball_Tracking/ros2_ws/install/kinect_ros2/share/kinect_ros2/rviz
[3.583s] -- Up-to-date: /home/slam/Desktop/Ball_Tracking/ros2_ws/install/kinect_ros2/share/kinect_ros2/rviz/pointcloud.rviz
[3.584s] -- Up-to-date: /home/slam/Desktop/Ball_Tracking/ros2_ws/install/kinect_ros2/share/ament_index/resource_index/package_run_dependencies/kinect_ros2
[3.585s] -- Up-to-date: /home/slam/Desktop/Ball_Tracking/ros2_ws/install/kinect_ros2/share/ament_index/resource_index/parent_prefix_path/kinect_ros2
[3.585s] -- Up-to-date: /home/slam/Desktop/Ball_Tracking/ros2_ws/install/kinect_ros2/share/kinect_ros2/environment/ament_prefix_path.sh
[3.588s] -- Up-to-date: /home/slam/Desktop/Ball_Tracking/ros2_ws/install/kinect_ros2/share/kinect_ros2/environment/ament_prefix_path.dsv
[3.590s] -- Up-to-date: /home/slam/Desktop/Ball_Tracking/ros2_ws/install/kinect_ros2/share/kinect_ros2/environment/path.sh
[3.591s] -- Up-to-date: /home/slam/Desktop/Ball_Tracking/ros2_ws/install/kinect_ros2/share/kinect_ros2/environment/path.dsv
[3.594s] -- Up-to-date: /home/slam/Desktop/Ball_Tracking/ros2_ws/install/kinect_ros2/share/kinect_ros2/local_setup.bash
[3.596s] -- Up-to-date: /home/slam/Desktop/Ball_Tracking/ros2_ws/install/kinect_ros2/share/kinect_ros2/local_setup.sh
[3.598s] -- Up-to-date: /home/slam/Desktop/Ball_Tracking/ros2_ws/install/kinect_ros2/share/kinect_ros2/local_setup.zsh
[3.600s] -- Up-to-date: /home/slam/Desktop/Ball_Tracking/ros2_ws/install/kinect_ros2/share/kinect_ros2/local_setup.dsv
[3.603s] -- Installing: /home/slam/Desktop/Ball_Tracking/ros2_ws/install/kinect_ros2/share/kinect_ros2/package.dsv
[3.614s] -- Up-to-date: /home/slam/Desktop/Ball_Tracking/ros2_ws/install/kinect_ros2/share/ament_index/resource_index/packages/kinect_ros2
[3.617s] -- Up-to-date: /home/slam/Desktop/Ball_Tracking/ros2_ws/install/kinect_ros2/share/ament_index/resource_index/rclcpp_components/kinect_ros2
[3.623s] -- Up-to-date: /home/slam/Desktop/Ball_Tracking/ros2_ws/install/kinect_ros2/share/kinect_ros2/cmake/kinect_ros2Config.cmake
[3.624s] -- Up-to-date: /home/slam/Desktop/Ball_Tracking/ros2_ws/install/kinect_ros2/share/kinect_ros2/cmake/kinect_ros2Config-version.cmake
[3.626s] -- Up-to-date: /home/slam/Desktop/Ball_Tracking/ros2_ws/install/kinect_ros2/share/kinect_ros2/package.xml
[3.630s] Invoked command in '/home/slam/Desktop/Ball_Tracking/ros2_ws/build/kinect_ros2' returned '0': CMAKE_PREFIX_PATH=/opt/ros/humble /usr/bin/cmake --install /home/slam/Desktop/Ball_Tracking/ros2_ws/build/kinect_ros2
