[1.181s] Invoking command in '/home/slam/Desktop/Ball_Tracking/ros2_ws/build/kinect_ros2': CMAKE_PREFIX_PATH=/opt/ros/humble /usr/bin/cmake --build /home/slam/Desktop/Ball_Tracking/ros2_ws/build/kinect_ros2 -- -j4 -l4
[1.903s] [ 50%] Built target kinect_ros2_component
[2.028s] [100%] Built target kinect_ros2_node
[2.069s] Invoked command in '/home/slam/Desktop/Ball_Tracking/ros2_ws/build/kinect_ros2' returned '0': CMAKE_PREFIX_PATH=/opt/ros/humble /usr/bin/cmake --build /home/slam/Desktop/Ball_Tracking/ros2_ws/build/kinect_ros2 -- -j4 -l4
[2.110s] Invoking command in '/home/slam/Desktop/Ball_Tracking/ros2_ws/build/kinect_ros2': CMAKE_PREFIX_PATH=/opt/ros/humble /usr/bin/cmake --install /home/slam/Desktop/Ball_Tracking/ros2_ws/build/kinect_ros2
[2.139s] -- Install configuration: ""
[2.146s] -- Up-to-date: /home/slam/Desktop/Ball_Tracking/ros2_ws/install/kinect_ros2/lib/libkinect_ros2_component.so
[2.152s] -- Up-to-date: /home/slam/Desktop/Ball_Tracking/ros2_ws/install/kinect_ros2/lib/kinect_ros2/kinect_ros2_node
[2.155s] -- Up-to-date: /home/slam/Desktop/Ball_Tracking/ros2_ws/install/kinect_ros2/share/kinect_ros2/cfg
[2.157s] -- Up-to-date: /home/slam/Desktop/Ball_Tracking/ros2_ws/install/kinect_ros2/share/kinect_ros2/cfg/calibration_rgb.yaml
[2.158s] -- Up-to-date: /home/slam/Desktop/Ball_Tracking/ros2_ws/install/kinect_ros2/share/kinect_ros2/cfg/calibration_depth.yaml
[2.158s] -- Up-to-date: /home/slam/Desktop/Ball_Tracking/ros2_ws/install/kinect_ros2/share/kinect_ros2/launch
[2.160s] -- Up-to-date: /home/slam/Desktop/Ball_Tracking/ros2_ws/install/kinect_ros2/share/kinect_ros2/launch/pointcloud.launch.py
[2.160s] -- Up-to-date: /home/slam/Desktop/Ball_Tracking/ros2_ws/install/kinect_ros2/share/kinect_ros2/launch/showimage.launch.py
[2.161s] -- Up-to-date: /home/slam/Desktop/Ball_Tracking/ros2_ws/install/kinect_ros2/share/kinect_ros2/rviz
[2.162s] -- Up-to-date: /home/slam/Desktop/Ball_Tracking/ros2_ws/install/kinect_ros2/share/kinect_ros2/rviz/pointcloud.rviz
[2.164s] -- Up-to-date: /home/slam/Desktop/Ball_Tracking/ros2_ws/install/kinect_ros2/share/ament_index/resource_index/package_run_dependencies/kinect_ros2
[2.165s] -- Up-to-date: /home/slam/Desktop/Ball_Tracking/ros2_ws/install/kinect_ros2/share/ament_index/resource_index/parent_prefix_path/kinect_ros2
[2.166s] -- Up-to-date: /home/slam/Desktop/Ball_Tracking/ros2_ws/install/kinect_ros2/share/kinect_ros2/environment/ament_prefix_path.sh
[2.167s] -- Up-to-date: /home/slam/Desktop/Ball_Tracking/ros2_ws/install/kinect_ros2/share/kinect_ros2/environment/ament_prefix_path.dsv
[2.168s] -- Up-to-date: /home/slam/Desktop/Ball_Tracking/ros2_ws/install/kinect_ros2/share/kinect_ros2/environment/path.sh
[2.168s] -- Up-to-date: /home/slam/Desktop/Ball_Tracking/ros2_ws/install/kinect_ros2/share/kinect_ros2/environment/path.dsv
[2.169s] -- Up-to-date: /home/slam/Desktop/Ball_Tracking/ros2_ws/install/kinect_ros2/share/kinect_ros2/local_setup.bash
[2.169s] -- Up-to-date: /home/slam/Desktop/Ball_Tracking/ros2_ws/install/kinect_ros2/share/kinect_ros2/local_setup.sh
[2.170s] -- Up-to-date: /home/slam/Desktop/Ball_Tracking/ros2_ws/install/kinect_ros2/share/kinect_ros2/local_setup.zsh
[2.171s] -- Up-to-date: /home/slam/Desktop/Ball_Tracking/ros2_ws/install/kinect_ros2/share/kinect_ros2/local_setup.dsv
[2.171s] -- Installing: /home/slam/Desktop/Ball_Tracking/ros2_ws/install/kinect_ros2/share/kinect_ros2/package.dsv
[2.174s] -- Up-to-date: /home/slam/Desktop/Ball_Tracking/ros2_ws/install/kinect_ros2/share/ament_index/resource_index/packages/kinect_ros2
[2.175s] -- Up-to-date: /home/slam/Desktop/Ball_Tracking/ros2_ws/install/kinect_ros2/share/ament_index/resource_index/rclcpp_components/kinect_ros2
[2.177s] -- Up-to-date: /home/slam/Desktop/Ball_Tracking/ros2_ws/install/kinect_ros2/share/kinect_ros2/cmake/kinect_ros2Config.cmake
[2.177s] -- Up-to-date: /home/slam/Desktop/Ball_Tracking/ros2_ws/install/kinect_ros2/share/kinect_ros2/cmake/kinect_ros2Config-version.cmake
[2.178s] -- Up-to-date: /home/slam/Desktop/Ball_Tracking/ros2_ws/install/kinect_ros2/share/kinect_ros2/package.xml
[2.190s] Invoked command in '/home/slam/Desktop/Ball_Tracking/ros2_ws/build/kinect_ros2' returned '0': CMAKE_PREFIX_PATH=/opt/ros/humble /usr/bin/cmake --install /home/slam/Desktop/Ball_Tracking/ros2_ws/build/kinect_ros2
