running egg_info
creating build/ball_tracking_pkg/ball_tracking_pkg.egg-info
writing build/ball_tracking_pkg/ball_tracking_pkg.egg-info/PKG-INFO
writing dependency_links to build/ball_tracking_pkg/ball_tracking_pkg.egg-info/dependency_links.txt
writing entry points to build/ball_tracking_pkg/ball_tracking_pkg.egg-info/entry_points.txt
writing requirements to build/ball_tracking_pkg/ball_tracking_pkg.egg-info/requires.txt
writing top-level names to build/ball_tracking_pkg/ball_tracking_pkg.egg-info/top_level.txt
writing manifest file 'build/ball_tracking_pkg/ball_tracking_pkg.egg-info/SOURCES.txt'
reading manifest file 'build/ball_tracking_pkg/ball_tracking_pkg.egg-info/SOURCES.txt'
writing manifest file 'build/ball_tracking_pkg/ball_tracking_pkg.egg-info/SOURCES.txt'
running build
running build_py
creating /home/netrunner/Documents/BallTracker/src/ball_tracking_pkg/build/ball_tracking_pkg/build
creating /home/netrunner/Documents/BallTracker/src/ball_tracking_pkg/build/ball_tracking_pkg/build/lib
creating /home/netrunner/Documents/BallTracker/src/ball_tracking_pkg/build/ball_tracking_pkg/build/lib/ball_tracking_pkg
copying ball_tracking_pkg/robot_control.py -> /home/netrunner/Documents/BallTracker/src/ball_tracking_pkg/build/ball_tracking_pkg/build/lib/ball_tracking_pkg
copying ball_tracking_pkg/__init__.py -> /home/netrunner/Documents/BallTracker/src/ball_tracking_pkg/build/ball_tracking_pkg/build/lib/ball_tracking_pkg
copying ball_tracking_pkg/tracker.py -> /home/netrunner/Documents/BallTracker/src/ball_tracking_pkg/build/ball_tracking_pkg/build/lib/ball_tracking_pkg
running install
running install_lib
creating /home/netrunner/Documents/BallTracker/src/ball_tracking_pkg/install/ball_tracking_pkg/lib/python3.10/site-packages/ball_tracking_pkg
copying /home/netrunner/Documents/BallTracker/src/ball_tracking_pkg/build/ball_tracking_pkg/build/lib/ball_tracking_pkg/robot_control.py -> /home/netrunner/Documents/BallTracker/src/ball_tracking_pkg/install/ball_tracking_pkg/lib/python3.10/site-packages/ball_tracking_pkg
copying /home/netrunner/Documents/BallTracker/src/ball_tracking_pkg/build/ball_tracking_pkg/build/lib/ball_tracking_pkg/__init__.py -> /home/netrunner/Documents/BallTracker/src/ball_tracking_pkg/install/ball_tracking_pkg/lib/python3.10/site-packages/ball_tracking_pkg
copying /home/netrunner/Documents/BallTracker/src/ball_tracking_pkg/build/ball_tracking_pkg/build/lib/ball_tracking_pkg/tracker.py -> /home/netrunner/Documents/BallTracker/src/ball_tracking_pkg/install/ball_tracking_pkg/lib/python3.10/site-packages/ball_tracking_pkg
byte-compiling /home/netrunner/Documents/BallTracker/src/ball_tracking_pkg/install/ball_tracking_pkg/lib/python3.10/site-packages/ball_tracking_pkg/robot_control.py to robot_control.cpython-310.pyc
byte-compiling /home/netrunner/Documents/BallTracker/src/ball_tracking_pkg/install/ball_tracking_pkg/lib/python3.10/site-packages/ball_tracking_pkg/__init__.py to __init__.cpython-310.pyc
byte-compiling /home/netrunner/Documents/BallTracker/src/ball_tracking_pkg/install/ball_tracking_pkg/lib/python3.10/site-packages/ball_tracking_pkg/tracker.py to tracker.cpython-310.pyc
running install_data
creating /home/netrunner/Documents/BallTracker/src/ball_tracking_pkg/install/ball_tracking_pkg/share/ament_index
creating /home/netrunner/Documents/BallTracker/src/ball_tracking_pkg/install/ball_tracking_pkg/share/ament_index/resource_index
creating /home/netrunner/Documents/BallTracker/src/ball_tracking_pkg/install/ball_tracking_pkg/share/ament_index/resource_index/packages
copying resource/ball_tracking_pkg -> /home/netrunner/Documents/BallTracker/src/ball_tracking_pkg/install/ball_tracking_pkg/share/ament_index/resource_index/packages
copying package.xml -> /home/netrunner/Documents/BallTracker/src/ball_tracking_pkg/install/ball_tracking_pkg/share/ball_tracking_pkg
creating /home/netrunner/Documents/BallTracker/src/ball_tracking_pkg/install/ball_tracking_pkg/share/ball_tracking_pkg/launch
copying launch/tracker_launch.py -> /home/netrunner/Documents/BallTracker/src/ball_tracking_pkg/install/ball_tracking_pkg/share/ball_tracking_pkg/launch
running install_egg_info
Copying build/ball_tracking_pkg/ball_tracking_pkg.egg-info to /home/netrunner/Documents/BallTracker/src/ball_tracking_pkg/install/ball_tracking_pkg/lib/python3.10/site-packages/ball_tracking_pkg-0.0.0-py3.10.egg-info
running install_scripts
Installing tracker script to /home/netrunner/Documents/BallTracker/src/ball_tracking_pkg/install/ball_tracking_pkg/lib/ball_tracking_pkg
writing list of installed files to '/home/netrunner/Documents/BallTracker/src/ball_tracking_pkg/build/ball_tracking_pkg/install.log'
