[3.361s] Invoking command in '/home/slam/Desktop/Ball_Tracking/ros2_ws/src/ball_tracking_pkg': PYTHONPATH=/home/slam/Desktop/Ball_Tracking/ros2_ws/build/ball_tracking_pkg/prefix_override:/usr/lib/python3/dist-packages/colcon_core/task/python/colcon_distutils_commands:/home/slam/Desktop/Ball_Tracking/ros2_ws/install/ball_tracking_pkg/lib/python3.10/site-packages:${PYTHONPATH} /usr/bin/python3 -W ignore:setup.py install is deprecated -W ignore:easy_install command is deprecated setup.py egg_info --egg-base ../../build/ball_tracking_pkg build --build-base /home/slam/Desktop/Ball_Tracking/ros2_ws/build/ball_tracking_pkg/build install --record /home/slam/Desktop/Ball_Tracking/ros2_ws/build/ball_tracking_pkg/install.log --single-version-externally-managed install_data
[4.416s] running egg_info
[4.419s] writing ../../build/ball_tracking_pkg/ball_tracking_pkg.egg-info/PKG-INFO
[4.422s] writing dependency_links to ../../build/ball_tracking_pkg/ball_tracking_pkg.egg-info/dependency_links.txt
[4.423s] writing entry points to ../../build/ball_tracking_pkg/ball_tracking_pkg.egg-info/entry_points.txt
[4.423s] writing requirements to ../../build/ball_tracking_pkg/ball_tracking_pkg.egg-info/requires.txt
[4.424s] writing top-level names to ../../build/ball_tracking_pkg/ball_tracking_pkg.egg-info/top_level.txt
[4.433s] reading manifest file '../../build/ball_tracking_pkg/ball_tracking_pkg.egg-info/SOURCES.txt'
[4.438s] writing manifest file '../../build/ball_tracking_pkg/ball_tracking_pkg.egg-info/SOURCES.txt'
[4.439s] running build
[4.439s] running build_py
[4.443s] copying ball_tracking_pkg/vision_node.py -> /home/slam/Desktop/Ball_Tracking/ros2_ws/build/ball_tracking_pkg/build/lib/ball_tracking_pkg
[4.446s] running install
[4.447s] running install_lib
[4.451s] copying /home/slam/Desktop/Ball_Tracking/ros2_ws/build/ball_tracking_pkg/build/lib/ball_tracking_pkg/vision_node.py -> /home/slam/Desktop/Ball_Tracking/ros2_ws/install/ball_tracking_pkg/lib/python3.10/site-packages/ball_tracking_pkg
[4.455s] byte-compiling /home/slam/Desktop/Ball_Tracking/ros2_ws/install/ball_tracking_pkg/lib/python3.10/site-packages/ball_tracking_pkg/vision_node.py to vision_node.cpython-310.pyc
[4.463s] running install_data
[4.464s] running install_egg_info
[4.470s] removing '/home/slam/Desktop/Ball_Tracking/ros2_ws/install/ball_tracking_pkg/lib/python3.10/site-packages/ball_tracking_pkg-0.0.0-py3.10.egg-info' (and everything under it)
[4.472s] Copying ../../build/ball_tracking_pkg/ball_tracking_pkg.egg-info to /home/slam/Desktop/Ball_Tracking/ros2_ws/install/ball_tracking_pkg/lib/python3.10/site-packages/ball_tracking_pkg-0.0.0-py3.10.egg-info
[4.478s] running install_scripts
[4.558s] Installing control_node script to /home/slam/Desktop/Ball_Tracking/ros2_ws/install/ball_tracking_pkg/lib/ball_tracking_pkg
[4.559s] Installing vision_node script to /home/slam/Desktop/Ball_Tracking/ros2_ws/install/ball_tracking_pkg/lib/ball_tracking_pkg
[4.562s] writing list of installed files to '/home/slam/Desktop/Ball_Tracking/ros2_ws/build/ball_tracking_pkg/install.log'
[4.676s] Invoked command in '/home/slam/Desktop/Ball_Tracking/ros2_ws/src/ball_tracking_pkg' returned '0': PYTHONPATH=/home/slam/Desktop/Ball_Tracking/ros2_ws/build/ball_tracking_pkg/prefix_override:/usr/lib/python3/dist-packages/colcon_core/task/python/colcon_distutils_commands:/home/slam/Desktop/Ball_Tracking/ros2_ws/install/ball_tracking_pkg/lib/python3.10/site-packages:${PYTHONPATH} /usr/bin/python3 -W ignore:setup.py install is deprecated -W ignore:easy_install command is deprecated setup.py egg_info --egg-base ../../build/ball_tracking_pkg build --build-base /home/slam/Desktop/Ball_Tracking/ros2_ws/build/ball_tracking_pkg/build install --record /home/slam/Desktop/Ball_Tracking/ros2_ws/build/ball_tracking_pkg/install.log --single-version-externally-managed install_data
