running egg_info
creating ../../build/ball_tracking_pkg/ball_tracking_pkg.egg-info
writing ../../build/ball_tracking_pkg/ball_tracking_pkg.egg-info/PKG-INFO
writing dependency_links to ../../build/ball_tracking_pkg/ball_tracking_pkg.egg-info/dependency_links.txt
writing entry points to ../../build/ball_tracking_pkg/ball_tracking_pkg.egg-info/entry_points.txt
writing requirements to ../../build/ball_tracking_pkg/ball_tracking_pkg.egg-info/requires.txt
writing top-level names to ../../build/ball_tracking_pkg/ball_tracking_pkg.egg-info/top_level.txt
writing manifest file '../../build/ball_tracking_pkg/ball_tracking_pkg.egg-info/SOURCES.txt'
reading manifest file '../../build/ball_tracking_pkg/ball_tracking_pkg.egg-info/SOURCES.txt'
writing manifest file '../../build/ball_tracking_pkg/ball_tracking_pkg.egg-info/SOURCES.txt'
running build
running build_py
creating /home/slam/Desktop/Ball_Tracking/ros2_ws/build/ball_tracking_pkg/build
creating /home/slam/Desktop/Ball_Tracking/ros2_ws/build/ball_tracking_pkg/build/lib
creating /home/slam/Desktop/Ball_Tracking/ros2_ws/build/ball_tracking_pkg/build/lib/ball_tracking_pkg
copying ball_tracking_pkg/control_node.py -> /home/slam/Desktop/Ball_Tracking/ros2_ws/build/ball_tracking_pkg/build/lib/ball_tracking_pkg
copying ball_tracking_pkg/SubPayloadSchemas.py -> /home/slam/Desktop/Ball_Tracking/ros2_ws/build/ball_tracking_pkg/build/lib/ball_tracking_pkg
copying ball_tracking_pkg/vision_node.py -> /home/slam/Desktop/Ball_Tracking/ros2_ws/build/ball_tracking_pkg/build/lib/ball_tracking_pkg
copying ball_tracking_pkg/__init__.py -> /home/slam/Desktop/Ball_Tracking/ros2_ws/build/ball_tracking_pkg/build/lib/ball_tracking_pkg
copying ball_tracking_pkg/QBot.py -> /home/slam/Desktop/Ball_Tracking/ros2_ws/build/ball_tracking_pkg/build/lib/ball_tracking_pkg
copying ball_tracking_pkg/test_kobuki.py -> /home/slam/Desktop/Ball_Tracking/ros2_ws/build/ball_tracking_pkg/build/lib/ball_tracking_pkg
copying ball_tracking_pkg/DataFieldTypes.py -> /home/slam/Desktop/Ball_Tracking/ros2_ws/build/ball_tracking_pkg/build/lib/ball_tracking_pkg
running install
running install_lib
creating /home/slam/Desktop/Ball_Tracking/ros2_ws/install/ball_tracking_pkg/lib/python3.10/site-packages/ball_tracking_pkg
copying /home/slam/Desktop/Ball_Tracking/ros2_ws/build/ball_tracking_pkg/build/lib/ball_tracking_pkg/control_node.py -> /home/slam/Desktop/Ball_Tracking/ros2_ws/install/ball_tracking_pkg/lib/python3.10/site-packages/ball_tracking_pkg
copying /home/slam/Desktop/Ball_Tracking/ros2_ws/build/ball_tracking_pkg/build/lib/ball_tracking_pkg/SubPayloadSchemas.py -> /home/slam/Desktop/Ball_Tracking/ros2_ws/install/ball_tracking_pkg/lib/python3.10/site-packages/ball_tracking_pkg
copying /home/slam/Desktop/Ball_Tracking/ros2_ws/build/ball_tracking_pkg/build/lib/ball_tracking_pkg/vision_node.py -> /home/slam/Desktop/Ball_Tracking/ros2_ws/install/ball_tracking_pkg/lib/python3.10/site-packages/ball_tracking_pkg
copying /home/slam/Desktop/Ball_Tracking/ros2_ws/build/ball_tracking_pkg/build/lib/ball_tracking_pkg/__init__.py -> /home/slam/Desktop/Ball_Tracking/ros2_ws/install/ball_tracking_pkg/lib/python3.10/site-packages/ball_tracking_pkg
copying /home/slam/Desktop/Ball_Tracking/ros2_ws/build/ball_tracking_pkg/build/lib/ball_tracking_pkg/QBot.py -> /home/slam/Desktop/Ball_Tracking/ros2_ws/install/ball_tracking_pkg/lib/python3.10/site-packages/ball_tracking_pkg
copying /home/slam/Desktop/Ball_Tracking/ros2_ws/build/ball_tracking_pkg/build/lib/ball_tracking_pkg/test_kobuki.py -> /home/slam/Desktop/Ball_Tracking/ros2_ws/install/ball_tracking_pkg/lib/python3.10/site-packages/ball_tracking_pkg
copying /home/slam/Desktop/Ball_Tracking/ros2_ws/build/ball_tracking_pkg/build/lib/ball_tracking_pkg/DataFieldTypes.py -> /home/slam/Desktop/Ball_Tracking/ros2_ws/install/ball_tracking_pkg/lib/python3.10/site-packages/ball_tracking_pkg
byte-compiling /home/slam/Desktop/Ball_Tracking/ros2_ws/install/ball_tracking_pkg/lib/python3.10/site-packages/ball_tracking_pkg/control_node.py to control_node.cpython-310.pyc
byte-compiling /home/slam/Desktop/Ball_Tracking/ros2_ws/install/ball_tracking_pkg/lib/python3.10/site-packages/ball_tracking_pkg/SubPayloadSchemas.py to SubPayloadSchemas.cpython-310.pyc
byte-compiling /home/slam/Desktop/Ball_Tracking/ros2_ws/install/ball_tracking_pkg/lib/python3.10/site-packages/ball_tracking_pkg/vision_node.py to vision_node.cpython-310.pyc
byte-compiling /home/slam/Desktop/Ball_Tracking/ros2_ws/install/ball_tracking_pkg/lib/python3.10/site-packages/ball_tracking_pkg/__init__.py to __init__.cpython-310.pyc
byte-compiling /home/slam/Desktop/Ball_Tracking/ros2_ws/install/ball_tracking_pkg/lib/python3.10/site-packages/ball_tracking_pkg/QBot.py to QBot.cpython-310.pyc
byte-compiling /home/slam/Desktop/Ball_Tracking/ros2_ws/install/ball_tracking_pkg/lib/python3.10/site-packages/ball_tracking_pkg/test_kobuki.py to test_kobuki.cpython-310.pyc
byte-compiling /home/slam/Desktop/Ball_Tracking/ros2_ws/install/ball_tracking_pkg/lib/python3.10/site-packages/ball_tracking_pkg/DataFieldTypes.py to DataFieldTypes.cpython-310.pyc
running install_data
creating /home/slam/Desktop/Ball_Tracking/ros2_ws/install/ball_tracking_pkg/share/ament_index
creating /home/slam/Desktop/Ball_Tracking/ros2_ws/install/ball_tracking_pkg/share/ament_index/resource_index
creating /home/slam/Desktop/Ball_Tracking/ros2_ws/install/ball_tracking_pkg/share/ament_index/resource_index/packages
copying resource/ball_tracking_pkg -> /home/slam/Desktop/Ball_Tracking/ros2_ws/install/ball_tracking_pkg/share/ament_index/resource_index/packages
copying package.xml -> /home/slam/Desktop/Ball_Tracking/ros2_ws/install/ball_tracking_pkg/share/ball_tracking_pkg
creating /home/slam/Desktop/Ball_Tracking/ros2_ws/install/ball_tracking_pkg/share/ball_tracking_pkg/launch
copying launch/tracker_launch.py -> /home/slam/Desktop/Ball_Tracking/ros2_ws/install/ball_tracking_pkg/share/ball_tracking_pkg/launch
running install_egg_info
Copying ../../build/ball_tracking_pkg/ball_tracking_pkg.egg-info to /home/slam/Desktop/Ball_Tracking/ros2_ws/install/ball_tracking_pkg/lib/python3.10/site-packages/ball_tracking_pkg-0.0.0-py3.10.egg-info
running install_scripts
Installing control_node script to /home/slam/Desktop/Ball_Tracking/ros2_ws/install/ball_tracking_pkg/lib/ball_tracking_pkg
Installing vision_node script to /home/slam/Desktop/Ball_Tracking/ros2_ws/install/ball_tracking_pkg/lib/ball_tracking_pkg
writing list of installed files to '/home/slam/Desktop/Ball_Tracking/ros2_ws/build/ball_tracking_pkg/install.log'
