[0.102s] DEBUG:colcon:Command line arguments: ['/usr/bin/colcon', 'build', '--packages-select', 'ball_tracking_pkg']
[0.102s] DEBUG:colcon:Parsed command line arguments: Namespace(log_base=None, log_level=None, verb_name='build', build_base='build', install_base='install', merge_install=False, symlink_install=False, test_result_base=None, continue_on_error=False, executor='parallel', parallel_workers=16, event_handlers=None, ignore_user_meta=False, metas=['./colcon.meta'], base_paths=['.'], packages_ignore=None, packages_ignore_regex=None, paths=None, packages_up_to=None, packages_up_to_regex=None, packages_above=None, packages_above_and_dependencies=None, packages_above_depth=None, packages_select_by_dep=None, packages_skip_by_dep=None, packages_skip_up_to=None, packages_select_build_failed=False, packages_skip_build_finished=False, packages_select_test_failures=False, packages_skip_test_passed=False, packages_select=['ball_tracking_pkg'], packages_skip=None, packages_select_regex=None, packages_skip_regex=None, packages_start=None, packages_end=None, allow_overriding=[], cmake_args=None, cmake_target=None, cmake_target_skip_unavailable=False, cmake_clean_cache=False, cmake_clean_first=False, cmake_force_configure=False, ament_cmake_args=None, catkin_cmake_args=None, catkin_skip_building_tests=False, mixin_files=None, mixin=None, verb_parser=<colcon_mixin.mixin.mixin_argument.MixinArgumentDecorator object at 0x7016c406ba90>, verb_extension=<colcon_core.verb.build.BuildVerb object at 0x7016c406b010>, main=<bound method BuildVerb.main of <colcon_core.verb.build.BuildVerb object at 0x7016c406b010>>, mixin_verb=('build',))
[0.347s] Level 1:colcon.colcon_core.package_discovery:discover_packages(colcon_meta) check parameters
[0.347s] Level 1:colcon.colcon_core.package_discovery:discover_packages(recursive) check parameters
[0.347s] Level 1:colcon.colcon_core.package_discovery:discover_packages(ignore) check parameters
[0.347s] Level 1:colcon.colcon_core.package_discovery:discover_packages(path) check parameters
[0.347s] Level 1:colcon.colcon_core.package_discovery:discover_packages(colcon_meta) discover
[0.347s] Level 1:colcon.colcon_core.package_discovery:discover_packages(recursive) discover
[0.347s] INFO:colcon.colcon_core.package_discovery:Crawling recursively for packages in '/home/netrunner/Documents/BallTracker/src/ball_tracking_pkg'
[0.347s] Level 1:colcon.colcon_core.package_identification:_identify(.) by extensions ['ignore', 'ignore_ament_install']
[0.347s] Level 1:colcon.colcon_core.package_identification:_identify(.) by extension 'ignore'
[0.347s] Level 1:colcon.colcon_core.package_identification:_identify(.) by extension 'ignore_ament_install'
[0.347s] Level 1:colcon.colcon_core.package_identification:_identify(.) by extensions ['colcon_pkg']
[0.347s] Level 1:colcon.colcon_core.package_identification:_identify(.) by extension 'colcon_pkg'
[0.347s] Level 1:colcon.colcon_core.package_identification:_identify(.) by extensions ['colcon_meta']
[0.347s] Level 1:colcon.colcon_core.package_identification:_identify(.) by extension 'colcon_meta'
[0.347s] Level 1:colcon.colcon_core.package_identification:_identify(.) by extensions ['ros']
[0.347s] Level 1:colcon.colcon_core.package_identification:_identify(.) by extension 'ros'
[0.360s] DEBUG:colcon.colcon_core.package_identification:Package '.' with type 'ros.ament_python' and name 'ball_tracking_pkg'
[0.360s] Level 1:colcon.colcon_core.package_discovery:discover_packages(recursive) using defaults
[0.360s] Level 1:colcon.colcon_core.package_discovery:discover_packages(ignore) discover
[0.360s] Level 1:colcon.colcon_core.package_discovery:discover_packages(ignore) using defaults
[0.360s] Level 1:colcon.colcon_core.package_discovery:discover_packages(path) discover
[0.360s] Level 1:colcon.colcon_core.package_discovery:discover_packages(path) using defaults
[0.392s] Level 1:colcon.colcon_core.package_discovery:discover_packages(prefix_path) check parameters
[0.393s] Level 1:colcon.colcon_core.package_discovery:discover_packages(prefix_path) discover
[0.396s] DEBUG:colcon.colcon_installed_package_information.package_discovery:Found 384 installed packages in /opt/ros/humble
[0.397s] Level 1:colcon.colcon_core.package_discovery:discover_packages(prefix_path) using defaults
[0.442s] Level 5:colcon.colcon_core.verb:set package 'ball_tracking_pkg' build argument 'cmake_args' from command line to 'None'
[0.442s] Level 5:colcon.colcon_core.verb:set package 'ball_tracking_pkg' build argument 'cmake_target' from command line to 'None'
[0.442s] Level 5:colcon.colcon_core.verb:set package 'ball_tracking_pkg' build argument 'cmake_target_skip_unavailable' from command line to 'False'
[0.442s] Level 5:colcon.colcon_core.verb:set package 'ball_tracking_pkg' build argument 'cmake_clean_cache' from command line to 'False'
[0.442s] Level 5:colcon.colcon_core.verb:set package 'ball_tracking_pkg' build argument 'cmake_clean_first' from command line to 'False'
[0.442s] Level 5:colcon.colcon_core.verb:set package 'ball_tracking_pkg' build argument 'cmake_force_configure' from command line to 'False'
[0.442s] Level 5:colcon.colcon_core.verb:set package 'ball_tracking_pkg' build argument 'ament_cmake_args' from command line to 'None'
[0.442s] Level 5:colcon.colcon_core.verb:set package 'ball_tracking_pkg' build argument 'catkin_cmake_args' from command line to 'None'
[0.442s] Level 5:colcon.colcon_core.verb:set package 'ball_tracking_pkg' build argument 'catkin_skip_building_tests' from command line to 'False'
[0.442s] DEBUG:colcon.colcon_core.verb:Building package 'ball_tracking_pkg' with the following arguments: {'ament_cmake_args': None, 'build_base': '/home/netrunner/Documents/BallTracker/src/ball_tracking_pkg/build/ball_tracking_pkg', 'catkin_cmake_args': None, 'catkin_skip_building_tests': False, 'cmake_args': None, 'cmake_clean_cache': False, 'cmake_clean_first': False, 'cmake_force_configure': False, 'cmake_target': None, 'cmake_target_skip_unavailable': False, 'install_base': '/home/netrunner/Documents/BallTracker/src/ball_tracking_pkg/install/ball_tracking_pkg', 'merge_install': False, 'path': '/home/netrunner/Documents/BallTracker/src/ball_tracking_pkg', 'symlink_install': False, 'test_result_base': None}
[0.442s] INFO:colcon.colcon_core.executor:Executing jobs using 'parallel' executor
[0.443s] DEBUG:colcon.colcon_parallel_executor.executor.parallel:run_until_complete
[0.444s] INFO:colcon.colcon_ros.task.ament_python.build:Building ROS package in '/home/netrunner/Documents/BallTracker/src/ball_tracking_pkg' with build type 'ament_python'
[0.444s] Level 1:colcon.colcon_core.shell:create_environment_hook('ball_tracking_pkg', 'ament_prefix_path')
[0.450s] INFO:colcon.colcon_core.plugin_system:Skipping extension 'colcon_core.shell.bat': Not used on non-Windows systems
[0.450s] INFO:colcon.colcon_core.shell:Creating environment hook '/home/netrunner/Documents/BallTracker/src/ball_tracking_pkg/install/ball_tracking_pkg/share/ball_tracking_pkg/hook/ament_prefix_path.ps1'
[0.451s] INFO:colcon.colcon_core.shell:Creating environment descriptor '/home/netrunner/Documents/BallTracker/src/ball_tracking_pkg/install/ball_tracking_pkg/share/ball_tracking_pkg/hook/ament_prefix_path.dsv'
[0.451s] INFO:colcon.colcon_core.shell:Creating environment hook '/home/netrunner/Documents/BallTracker/src/ball_tracking_pkg/install/ball_tracking_pkg/share/ball_tracking_pkg/hook/ament_prefix_path.sh'
[0.452s] INFO:colcon.colcon_core.shell:Skip shell extension 'powershell' for command environment: Not usable outside of PowerShell
[0.452s] DEBUG:colcon.colcon_core.shell:Skip shell extension 'dsv' for command environment
[0.717s] INFO:colcon.colcon_core.task.python.build:Building Python package in '/home/netrunner/Documents/BallTracker/src/ball_tracking_pkg'
[0.718s] INFO:colcon.colcon_core.shell:Skip shell extension 'powershell' for command environment: Not usable outside of PowerShell
[0.718s] DEBUG:colcon.colcon_core.shell:Skip shell extension 'dsv' for command environment
[1.099s] DEBUG:colcon.colcon_core.event_handler.log_command:Invoking command in '/home/netrunner/Documents/BallTracker/src/ball_tracking_pkg': PYTHONPATH=/home/netrunner/Documents/BallTracker/src/ball_tracking_pkg/build/ball_tracking_pkg/prefix_override:/usr/lib/python3/dist-packages/colcon_core/task/python/colcon_distutils_commands:/home/netrunner/Documents/BallTracker/src/ball_tracking_pkg/install/ball_tracking_pkg/lib/python3.10/site-packages:${PYTHONPATH} /usr/bin/python3 -W ignore:setup.py install is deprecated -W ignore:easy_install command is deprecated setup.py egg_info --egg-base build/ball_tracking_pkg build --build-base /home/netrunner/Documents/BallTracker/src/ball_tracking_pkg/build/ball_tracking_pkg/build install --record /home/netrunner/Documents/BallTracker/src/ball_tracking_pkg/build/ball_tracking_pkg/install.log --single-version-externally-managed install_data
[1.377s] DEBUG:colcon.colcon_core.event_handler.log_command:Invoked command in '/home/netrunner/Documents/BallTracker/src/ball_tracking_pkg' returned '0': PYTHONPATH=/home/netrunner/Documents/BallTracker/src/ball_tracking_pkg/build/ball_tracking_pkg/prefix_override:/usr/lib/python3/dist-packages/colcon_core/task/python/colcon_distutils_commands:/home/netrunner/Documents/BallTracker/src/ball_tracking_pkg/install/ball_tracking_pkg/lib/python3.10/site-packages:${PYTHONPATH} /usr/bin/python3 -W ignore:setup.py install is deprecated -W ignore:easy_install command is deprecated setup.py egg_info --egg-base build/ball_tracking_pkg build --build-base /home/netrunner/Documents/BallTracker/src/ball_tracking_pkg/build/ball_tracking_pkg/build install --record /home/netrunner/Documents/BallTracker/src/ball_tracking_pkg/build/ball_tracking_pkg/install.log --single-version-externally-managed install_data
[1.380s] Level 1:colcon.colcon_core.environment:checking '/home/netrunner/Documents/BallTracker/src/ball_tracking_pkg/install/ball_tracking_pkg' for CMake module files
[1.380s] Level 1:colcon.colcon_core.environment:checking '/home/netrunner/Documents/BallTracker/src/ball_tracking_pkg/install/ball_tracking_pkg' for CMake config files
[1.381s] Level 1:colcon.colcon_core.environment:checking '/home/netrunner/Documents/BallTracker/src/ball_tracking_pkg/install/ball_tracking_pkg/lib'
[1.381s] Level 1:colcon.colcon_core.environment:checking '/home/netrunner/Documents/BallTracker/src/ball_tracking_pkg/install/ball_tracking_pkg/bin'
[1.381s] Level 1:colcon.colcon_core.environment:checking '/home/netrunner/Documents/BallTracker/src/ball_tracking_pkg/install/ball_tracking_pkg/lib/pkgconfig/ball_tracking_pkg.pc'
[1.382s] Level 1:colcon.colcon_core.environment:checking '/home/netrunner/Documents/BallTracker/src/ball_tracking_pkg/install/ball_tracking_pkg/lib/python3.10/site-packages'
[1.382s] Level 1:colcon.colcon_core.shell:create_environment_hook('ball_tracking_pkg', 'pythonpath')
[1.382s] INFO:colcon.colcon_core.shell:Creating environment hook '/home/netrunner/Documents/BallTracker/src/ball_tracking_pkg/install/ball_tracking_pkg/share/ball_tracking_pkg/hook/pythonpath.ps1'
[1.382s] INFO:colcon.colcon_core.shell:Creating environment descriptor '/home/netrunner/Documents/BallTracker/src/ball_tracking_pkg/install/ball_tracking_pkg/share/ball_tracking_pkg/hook/pythonpath.dsv'
[1.383s] INFO:colcon.colcon_core.shell:Creating environment hook '/home/netrunner/Documents/BallTracker/src/ball_tracking_pkg/install/ball_tracking_pkg/share/ball_tracking_pkg/hook/pythonpath.sh'
[1.383s] Level 1:colcon.colcon_core.environment:checking '/home/netrunner/Documents/BallTracker/src/ball_tracking_pkg/install/ball_tracking_pkg/bin'
[1.383s] Level 1:colcon.colcon_core.environment:create_environment_scripts_only(ball_tracking_pkg)
[1.384s] INFO:colcon.colcon_core.shell:Creating package script '/home/netrunner/Documents/BallTracker/src/ball_tracking_pkg/install/ball_tracking_pkg/share/ball_tracking_pkg/package.ps1'
[1.384s] INFO:colcon.colcon_core.shell:Creating package descriptor '/home/netrunner/Documents/BallTracker/src/ball_tracking_pkg/install/ball_tracking_pkg/share/ball_tracking_pkg/package.dsv'
[1.385s] INFO:colcon.colcon_core.shell:Creating package script '/home/netrunner/Documents/BallTracker/src/ball_tracking_pkg/install/ball_tracking_pkg/share/ball_tracking_pkg/package.sh'
[1.386s] INFO:colcon.colcon_core.shell:Creating package script '/home/netrunner/Documents/BallTracker/src/ball_tracking_pkg/install/ball_tracking_pkg/share/ball_tracking_pkg/package.bash'
[1.386s] INFO:colcon.colcon_core.shell:Creating package script '/home/netrunner/Documents/BallTracker/src/ball_tracking_pkg/install/ball_tracking_pkg/share/ball_tracking_pkg/package.zsh'
[1.387s] Level 1:colcon.colcon_core.environment:create_file_with_runtime_dependencies(/home/netrunner/Documents/BallTracker/src/ball_tracking_pkg/install/ball_tracking_pkg/share/colcon-core/packages/ball_tracking_pkg)
[1.388s] DEBUG:colcon.colcon_parallel_executor.executor.parallel:closing loop
[1.388s] DEBUG:colcon.colcon_parallel_executor.executor.parallel:loop closed
[1.388s] DEBUG:colcon.colcon_parallel_executor.executor.parallel:run_until_complete finished with '0'
[1.388s] DEBUG:colcon.colcon_core.event_reactor:joining thread
[1.394s] INFO:colcon.colcon_core.plugin_system:Skipping extension 'colcon_notification.desktop_notification.terminal_notifier': Not used on non-Darwin systems
[1.394s] INFO:colcon.colcon_core.plugin_system:Skipping extension 'colcon_notification.desktop_notification.win32': Not used on non-Windows systems
[1.394s] INFO:colcon.colcon_notification.desktop_notification:Sending desktop notification using 'notify2'
[1.409s] DEBUG:colcon.colcon_core.event_reactor:joined thread
[1.409s] INFO:colcon.colcon_core.shell:Creating prefix script '/home/netrunner/Documents/BallTracker/src/ball_tracking_pkg/install/local_setup.ps1'
[1.410s] INFO:colcon.colcon_core.shell:Creating prefix util module '/home/netrunner/Documents/BallTracker/src/ball_tracking_pkg/install/_local_setup_util_ps1.py'
[1.411s] INFO:colcon.colcon_core.shell:Creating prefix chain script '/home/netrunner/Documents/BallTracker/src/ball_tracking_pkg/install/setup.ps1'
[1.412s] INFO:colcon.colcon_core.shell:Creating prefix script '/home/netrunner/Documents/BallTracker/src/ball_tracking_pkg/install/local_setup.sh'
[1.413s] INFO:colcon.colcon_core.shell:Creating prefix util module '/home/netrunner/Documents/BallTracker/src/ball_tracking_pkg/install/_local_setup_util_sh.py'
[1.414s] INFO:colcon.colcon_core.shell:Creating prefix chain script '/home/netrunner/Documents/BallTracker/src/ball_tracking_pkg/install/setup.sh'
[1.415s] INFO:colcon.colcon_core.shell:Creating prefix script '/home/netrunner/Documents/BallTracker/src/ball_tracking_pkg/install/local_setup.bash'
[1.416s] INFO:colcon.colcon_core.shell:Creating prefix chain script '/home/netrunner/Documents/BallTracker/src/ball_tracking_pkg/install/setup.bash'
[1.417s] INFO:colcon.colcon_core.shell:Creating prefix script '/home/netrunner/Documents/BallTracker/src/ball_tracking_pkg/install/local_setup.zsh'
[1.418s] INFO:colcon.colcon_core.shell:Creating prefix chain script '/home/netrunner/Documents/BallTracker/src/ball_tracking_pkg/install/setup.zsh'
