[1.281s] Invoking command in '/home/slam/Desktop/Ball_Tracking/ros2_ws/build/kinect_ros2': CMAKE_PREFIX_PATH=${CMAKE_PREFIX_PATH}:/home/slam/Desktop/Ball_Tracking/ros2_ws/install/ball_tracking_pkg:/opt/ros/humble /usr/bin/cmake --build /home/slam/Desktop/Ball_Tracking/ros2_ws/build/kinect_ros2 -- -j4 -l4
[2.012s] [ 50%] Built target kinect_ros2_component
[2.150s] [100%] Built target kinect_ros2_node
[2.195s] Invoked command in '/home/slam/Desktop/Ball_Tracking/ros2_ws/build/kinect_ros2' returned '0': CMAKE_PREFIX_PATH=${CMAKE_PREFIX_PATH}:/home/slam/Desktop/Ball_Tracking/ros2_ws/install/ball_tracking_pkg:/opt/ros/humble /usr/bin/cmake --build /home/slam/Desktop/Ball_Tracking/ros2_ws/build/kinect_ros2 -- -j4 -l4
[2.291s] Invoking command in '/home/slam/Desktop/Ball_Tracking/ros2_ws/build/kinect_ros2': CMAKE_PREFIX_PATH=${CMAKE_PREFIX_PATH}:/home/slam/Desktop/Ball_Tracking/ros2_ws/install/ball_tracking_pkg:/opt/ros/humble /usr/bin/cmake --install /home/slam/Desktop/Ball_Tracking/ros2_ws/build/kinect_ros2
[2.324s] -- Install configuration: ""
[2.327s] -- Up-to-date: /home/slam/Desktop/Ball_Tracking/ros2_ws/install/kinect_ros2/lib/libkinect_ros2_component.so
[2.330s] -- Up-to-date: /home/slam/Desktop/Ball_Tracking/ros2_ws/install/kinect_ros2/lib/kinect_ros2/kinect_ros2_node
[2.332s] -- Up-to-date: /home/slam/Desktop/Ball_Tracking/ros2_ws/install/kinect_ros2/share/kinect_ros2/cfg
[2.333s] -- Up-to-date: /home/slam/Desktop/Ball_Tracking/ros2_ws/install/kinect_ros2/share/kinect_ros2/cfg/calibration_rgb.yaml
[2.334s] -- Up-to-date: /home/slam/Desktop/Ball_Tracking/ros2_ws/install/kinect_ros2/share/kinect_ros2/cfg/calibration_depth.yaml
[2.335s] -- Up-to-date: /home/slam/Desktop/Ball_Tracking/ros2_ws/install/kinect_ros2/share/kinect_ros2/launch
[2.336s] -- Up-to-date: /home/slam/Desktop/Ball_Tracking/ros2_ws/install/kinect_ros2/share/kinect_ros2/launch/pointcloud.launch.py
[2.337s] -- Up-to-date: /home/slam/Desktop/Ball_Tracking/ros2_ws/install/kinect_ros2/share/kinect_ros2/launch/showimage.launch.py
[2.337s] -- Up-to-date: /home/slam/Desktop/Ball_Tracking/ros2_ws/install/kinect_ros2/share/kinect_ros2/rviz
[2.338s] -- Up-to-date: /home/slam/Desktop/Ball_Tracking/ros2_ws/install/kinect_ros2/share/kinect_ros2/rviz/pointcloud.rviz
[2.339s] -- Up-to-date: /home/slam/Desktop/Ball_Tracking/ros2_ws/install/kinect_ros2/share/ament_index/resource_index/package_run_dependencies/kinect_ros2
[2.340s] -- Up-to-date: /home/slam/Desktop/Ball_Tracking/ros2_ws/install/kinect_ros2/share/ament_index/resource_index/parent_prefix_path/kinect_ros2
[2.341s] -- Up-to-date: /home/slam/Desktop/Ball_Tracking/ros2_ws/install/kinect_ros2/share/kinect_ros2/environment/ament_prefix_path.sh
[2.341s] -- Up-to-date: /home/slam/Desktop/Ball_Tracking/ros2_ws/install/kinect_ros2/share/kinect_ros2/environment/ament_prefix_path.dsv
[2.342s] -- Up-to-date: /home/slam/Desktop/Ball_Tracking/ros2_ws/install/kinect_ros2/share/kinect_ros2/environment/path.sh
[2.343s] -- Up-to-date: /home/slam/Desktop/Ball_Tracking/ros2_ws/install/kinect_ros2/share/kinect_ros2/environment/path.dsv
[2.344s] -- Up-to-date: /home/slam/Desktop/Ball_Tracking/ros2_ws/install/kinect_ros2/share/kinect_ros2/local_setup.bash
[2.344s] -- Up-to-date: /home/slam/Desktop/Ball_Tracking/ros2_ws/install/kinect_ros2/share/kinect_ros2/local_setup.sh
[2.345s] -- Up-to-date: /home/slam/Desktop/Ball_Tracking/ros2_ws/install/kinect_ros2/share/kinect_ros2/local_setup.zsh
[2.345s] -- Up-to-date: /home/slam/Desktop/Ball_Tracking/ros2_ws/install/kinect_ros2/share/kinect_ros2/local_setup.dsv
[2.346s] -- Installing: /home/slam/Desktop/Ball_Tracking/ros2_ws/install/kinect_ros2/share/kinect_ros2/package.dsv
[2.348s] -- Up-to-date: /home/slam/Desktop/Ball_Tracking/ros2_ws/install/kinect_ros2/share/ament_index/resource_index/packages/kinect_ros2
[2.349s] -- Up-to-date: /home/slam/Desktop/Ball_Tracking/ros2_ws/install/kinect_ros2/share/ament_index/resource_index/rclcpp_components/kinect_ros2
[2.350s] -- Up-to-date: /home/slam/Desktop/Ball_Tracking/ros2_ws/install/kinect_ros2/share/kinect_ros2/cmake/kinect_ros2Config.cmake
[2.352s] -- Up-to-date: /home/slam/Desktop/Ball_Tracking/ros2_ws/install/kinect_ros2/share/kinect_ros2/cmake/kinect_ros2Config-version.cmake
[2.352s] -- Up-to-date: /home/slam/Desktop/Ball_Tracking/ros2_ws/install/kinect_ros2/share/kinect_ros2/package.xml
[2.365s] Invoked command in '/home/slam/Desktop/Ball_Tracking/ros2_ws/build/kinect_ros2' returned '0': CMAKE_PREFIX_PATH=${CMAKE_PREFIX_PATH}:/home/slam/Desktop/Ball_Tracking/ros2_ws/install/ball_tracking_pkg:/opt/ros/humble /usr/bin/cmake --install /home/slam/Desktop/Ball_Tracking/ros2_ws/build/kinect_ros2
